<?xml version="1.0" encoding="UTF-8"?>
<robot generator="Robot 7.4.2 (Python 3.13.5 on win32)" generated="2026-03-08T02:18:43.734012" rpa="false" schemaversion="5">
<suite id="s1" name="Tests" source="C:\Users\simon\Desktop\treinamento\tests">
<suite id="s1-s1" name="Auth" source="C:\Users\simon\Desktop\treinamento\tests\auth.robot">
<kw name="Create Session" owner="RequestsLibrary" type="SETUP">
<msg time="2026-03-08T02:18:48.132212" level="INFO">Creating Session using : alias=iqs, url=https://restful-booker.herokuapp.com, headers={},                     cookies={}, auth=None, timeout=None, proxies=None, verify=False,                     debug=0 </msg>
<arg>alias=iqs</arg>
<arg>url=${BASE_URL}</arg>
<doc>Create Session: create a HTTP session to a server</doc>
<status status="PASS" start="2026-03-08T02:18:48.129669" elapsed="0.003818"/>
</kw>
<test id="s1-s1-t1" name="TC1:realizar autenticação com usuário válido" line="8">
<kw name="POST /auth" owner="keywords" source_name="POST /${endpoint}">
<kw name="Load Json From File" owner="JSONLibrary">
<msg time="2026-03-08T02:18:48.153208" level="INFO">${payload} = {'username': 'admin', 'password': 'password123'}</msg>
<var>${payload}</var>
<arg>${PAYLOAD_DIR}${/}${filename}</arg>
<doc>Load JSON from file.</doc>
<status status="PASS" start="2026-03-08T02:18:48.147476" elapsed="0.005956"/>
</kw>
<kw name="POST On Session" owner="RequestsLibrary">
<msg time="2026-03-08T02:18:49.108261" level="INFO">POST Request : url=https://restful-booker.herokuapp.com/auth 
 path_url=/auth 
 headers={'User-Agent': 'python-requests/2.32.4', 'Accept-Encoding': 'gzip, deflate', 'Accept': '*/*', 'Connection': 'keep-alive', 'Content-Length': '48', 'Content-Type': 'application/json'} 
 body=b'{"username": "admin", "password": "password123"}' 
 </msg>
<msg time="2026-03-08T02:18:49.109007" level="INFO">POST Response : url=https://restful-booker.herokuapp.com/auth 
 status=200, reason=OK 
 headers={'Content-Length': '27', 'Content-Type': 'application/json; charset=utf-8', 'Date': 'Sun, 08 Mar 2026 05:18:48 GMT', 'Etag': 'W/"1b-l0VGmCjYH1zdrQhy0HjHeSrj1vo"', 'Nel': '{"report_to":"heroku-nel","response_headers":["Via"],"max_age":3600,"success_fraction":0.01,"failure_fraction":0.1}', 'Report-To': '{"group":"heroku-nel","endpoints":[{"url":"https://nel.heroku.com/reports?s=REnHC1%2FiA2yXG9MYoZtM6fK4uk%2F6uayu9hTaY%2F140uI%3D\\u0026sid=c46efe9b-d3d2-4a0c-8c76-bfafa16c5add\\u0026ts=1772947128"}],"max_age":3600}', 'Reporting-Endpoints': 'heroku-nel="https://nel.heroku.com/reports?s=REnHC1%2FiA2yXG9MYoZtM6fK4uk%2F6uayu9hTaY%2F140uI%3D&amp;sid=c46efe9b-d3d2-4a0c-8c76-bfafa16c5add&amp;ts=1772947128"', 'Server': 'Heroku', 'Via': '1.1 heroku-router', 'X-Powered-By': 'Express'} 
 body={"token":"3d6e305b265382f"} 
 </msg>
<msg time="2026-03-08T02:18:49.109577" level="INFO">C:\Users\simon\AppData\Local\Programs\Python\Python313\Lib\site-packages\urllib3\connectionpool.py:1097: InsecureRequestWarning: Unverified HTTPS request is being made to host 'restful-booker.herokuapp.com'. Adding certificate verification is strongly advised. See: https://urllib3.readthedocs.io/en/latest/advanced-usage.html#tls-warnings
  warnings.warn(</msg>
<msg time="2026-03-08T02:18:49.114295" level="INFO">${response} = &lt;Response [200]&gt;</msg>
<var>${response}</var>
<arg>alias=${SESSION_NAME}</arg>
<arg>url=${endpoint}</arg>
<arg>json=${payload}</arg>
<arg>expected_status=${expected_status}</arg>
<doc>Sends a POST request on a previously created HTTP Session.</doc>
<status status="PASS" start="2026-03-08T02:18:48.154269" elapsed="0.960247"/>
</kw>
<return>
<value>${response}</value>
<status status="PASS" start="2026-03-08T02:18:49.114895" elapsed="0.000251"/>
</return>
<msg time="2026-03-08T02:18:49.115869" level="INFO">${response} = &lt;Response [200]&gt;</msg>
<var>${response}</var>
<arg>PostAuthValid.json</arg>
<arg>200</arg>
<status status="PASS" start="2026-03-08T02:18:48.145531" elapsed="0.970467"/>
</kw>
<kw name="Validate Json" owner="keywords">
<kw name="Validate Json By Schema File" owner="JSONLibrary">
<arg>${response.json()}</arg>
<arg>${CONTRACT_DIR}${/}${finename}</arg>
<doc>Validate json object by json schema file.
Arguments:
    - json_object: json as a dictionary object.
    - json_path: path to file with json schema</doc>
<status status="PASS" start="2026-03-08T02:18:49.124290" elapsed="0.026845"/>
</kw>
<arg>${response}</arg>
<arg>CreateTokenValid.json</arg>
<status status="PASS" start="2026-03-08T02:18:49.119847" elapsed="0.032822"/>
</kw>
<tag>valid</tag>
<status status="PASS" start="2026-03-08T02:18:48.138463" elapsed="1.016858"/>
</test>
<test id="s1-s1-t2" name="TC2:realizar autenticação com usuário inválido" line="14">
<kw name="POST /auth" owner="keywords" source_name="POST /${endpoint}">
<kw name="Load Json From File" owner="JSONLibrary">
<msg time="2026-03-08T02:18:49.183081" level="INFO">${payload} = {'username': 'invalid', 'password': 'invalid'}</msg>
<var>${payload}</var>
<arg>${PAYLOAD_DIR}${/}${filename}</arg>
<doc>Load JSON from file.</doc>
<status status="PASS" start="2026-03-08T02:18:49.173905" elapsed="0.009377"/>
</kw>
<kw name="POST On Session" owner="RequestsLibrary">
<msg time="2026-03-08T02:18:49.314660" level="INFO">POST Request : url=https://restful-booker.herokuapp.com/auth 
 path_url=/auth 
 headers={'User-Agent': 'python-requests/2.32.4', 'Accept-Encoding': 'gzip, deflate', 'Accept': '*/*', 'Connection': 'keep-alive', 'Content-Length': '46', 'Content-Type': 'application/json'} 
 body=b'{"username": "invalid", "password": "invalid"}' 
 </msg>
<msg time="2026-03-08T02:18:49.315022" level="INFO">POST Response : url=https://restful-booker.herokuapp.com/auth 
 status=200, reason=OK 
 headers={'Content-Length': '28', 'Content-Type': 'application/json; charset=utf-8', 'Date': 'Sun, 08 Mar 2026 05:18:49 GMT', 'Etag': 'W/"1c-J3EiwfZwVQjKTKvpvazUfTni8fI"', 'Nel': '{"report_to":"heroku-nel","response_headers":["Via"],"max_age":3600,"success_fraction":0.01,"failure_fraction":0.1}', 'Report-To': '{"group":"heroku-nel","endpoints":[{"url":"https://nel.heroku.com/reports?s=kxKGNFreDOGp%2BGtZ6CVurjxc6huiDYjMSH0RvCy8eEw%3D\\u0026sid=c46efe9b-d3d2-4a0c-8c76-bfafa16c5add\\u0026ts=1772947129"}],"max_age":3600}', 'Reporting-Endpoints': 'heroku-nel="https://nel.heroku.com/reports?s=kxKGNFreDOGp%2BGtZ6CVurjxc6huiDYjMSH0RvCy8eEw%3D&amp;sid=c46efe9b-d3d2-4a0c-8c76-bfafa16c5add&amp;ts=1772947129"', 'Server': 'Heroku', 'Via': '1.1 heroku-router', 'X-Powered-By': 'Express'} 
 body={"reason":"Bad credentials"} 
 </msg>
<msg time="2026-03-08T02:18:49.315344" level="INFO">C:\Users\simon\AppData\Local\Programs\Python\Python313\Lib\site-packages\urllib3\connectionpool.py:1097: InsecureRequestWarning: Unverified HTTPS request is being made to host 'restful-booker.herokuapp.com'. Adding certificate verification is strongly advised. See: https://urllib3.readthedocs.io/en/latest/advanced-usage.html#tls-warnings
  warnings.warn(</msg>
<msg time="2026-03-08T02:18:49.316942" level="INFO">${response} = &lt;Response [200]&gt;</msg>
<var>${response}</var>
<arg>alias=${SESSION_NAME}</arg>
<arg>url=${endpoint}</arg>
<arg>json=${payload}</arg>
<arg>expected_status=${expected_status}</arg>
<doc>Sends a POST request on a previously created HTTP Session.</doc>
<status status="PASS" start="2026-03-08T02:18:49.183998" elapsed="0.133134"/>
</kw>
<return>
<value>${response}</value>
<status status="PASS" start="2026-03-08T02:18:49.317443" elapsed="0.000208"/>
</return>
<msg time="2026-03-08T02:18:49.318263" level="INFO">${response} = &lt;Response [200]&gt;</msg>
<var>${response}</var>
<arg>PostAuthInvalid.json</arg>
<arg>200</arg>
<status status="PASS" start="2026-03-08T02:18:49.166193" elapsed="0.152181"/>
</kw>
<kw name="Validate Json" owner="keywords">
<kw name="Validate Json By Schema File" owner="JSONLibrary">
<arg>${response.json()}</arg>
<arg>${CONTRACT_DIR}${/}${finename}</arg>
<doc>Validate json object by json schema file.
Arguments:
    - json_object: json as a dictionary object.
    - json_path: path to file with json schema</doc>
<status status="PASS" start="2026-03-08T02:18:49.320928" elapsed="0.008147"/>
</kw>
<arg>${response}</arg>
<arg>CreateTokenInvalid.json</arg>
<status status="PASS" start="2026-03-08T02:18:49.319619" elapsed="0.011366"/>
</kw>
<tag>Invalid</tag>
<status status="PASS" start="2026-03-08T02:18:49.160174" elapsed="0.172419"/>
</test>
<status status="PASS" start="2026-03-08T02:18:44.125973" elapsed="5.212320"/>
</suite>
<suite id="s1-s2" name="Booking" source="C:\Users\simon\Desktop\treinamento\tests\booking.robot">
<kw name="Create Session" owner="RequestsLibrary" type="SETUP">
<msg time="2026-03-08T02:18:49.420807" level="INFO">Creating Session using : alias=iqs, url=https://restful-booker.herokuapp.com, headers={},                     cookies={}, auth=None, timeout=None, proxies=None, verify=False,                     debug=0 </msg>
<arg>alias=iqs</arg>
<arg>url=${BASE_URL}</arg>
<doc>Create Session: create a HTTP session to a server</doc>
<status status="PASS" start="2026-03-08T02:18:49.418058" elapsed="0.003681"/>
</kw>
<test id="s1-s2-t1" name="TC3: obter reservas" line="8">
<kw name="GET /booking" owner="keywords" source_name="GET /${endpoint}">
<kw name="GET On Session" owner="RequestsLibrary">
<msg time="2026-03-08T02:18:50.442918" level="INFO">GET Request : url=https://restful-booker.herokuapp.com/booking 
 path_url=/booking 
 headers={'User-Agent': 'python-requests/2.32.4', 'Accept-Encoding': 'gzip, deflate', 'Accept': '*/*', 'Connection': 'keep-alive'} 
 body=None 
 </msg>
<msg time="2026-03-08T02:18:50.443499" level="INFO">GET Response : url=https://restful-booker.herokuapp.com/booking 
 status=200, reason=OK 
 headers={'Content-Length': '57505', 'Content-Type': 'application/json; charset=utf-8', 'Date': 'Sun, 08 Mar 2026 05:18:49 GMT', 'Etag': 'W/"e0a1-Ar4srXdUw2MA3/YYN5XV+O/bh28"', 'Nel': '{"report_to":"heroku-nel","response_headers":["Via"],"max_age":3600,"success_fraction":0.01,"failure_fraction":0.1}', 'Report-To': '{"group":"heroku-nel","endpoints":[{"url":"https://nel.heroku.com/reports?s=kxKGNFreDOGp%2BGtZ6CVurjxc6huiDYjMSH0RvCy8eEw%3D\\u0026sid=c46efe9b-d3d2-4a0c-8c76-bfafa16c5add\\u0026ts=1772947129"}],"max_age":3600}', 'Reporting-Endpoints': 'heroku-nel="https://nel.heroku.com/reports?s=kxKGNFreDOGp%2BGtZ6CVurjxc6huiDYjMSH0RvCy8eEw%3D&amp;sid=c46efe9b-d3d2-4a0c-8c76-bfafa16c5add&amp;ts=1772947129"', 'Server': 'Heroku', 'Via': '1.1 heroku-router', 'X-Powered-By': 'Express'} 
 body=[{"bookingid":3202},{"bookingid":2731},{"bookingid":140},{"bookingid":412},{"bookingid":1964},{"bookingid":4086},{"bookingid":804},{"bookingid":2226},{"bookingid":967},{"bookingid":2167},{"bookingid":1752},{"bookingid":3258},{"bookingid":649},{"bookingid":1428},{"bookingid":1494},{"bookingid":4316},{"bookingid":1623},{"bookingid":3973},{"bookingid":1014},{"bookingid":97},{"bookingid":1307},{"bookingid":4071},{"bookingid":1566},{"bookingid":3402},{"bookingid":3575},{"bookingid":3063},{"bookingid":99},{"bookingid":2657},{"bookingid":2956},{"bookingid":1724},{"bookingid":531},{"bookingid":1613},{"bookingid":1725},{"bookingid":932},{"bookingid":2109},{"bookingid":1172},{"bookingid":309},{"bookingid":2147},{"bookingid":1186},{"bookingid":533},{"bookingid":128},{"bookingid":1092},{"bookingid":2364},{"bookingid":3709},{"bookingid":696},{"bookingid":3680},{"bookingid":3073},{"bookingid":473},{"bookingid":1686},{"bookingid":444},{"bookingid":3388},{"bookingid":430},{"bookingid":2358},{"bookingid":2529},{"bookingid":1505},{"bookingid":2434},{"bookingid":2699},{"bookingid":1826},{"bookingid":2581},{"bookingid":3580},{"bookingid":52},{"bookingid":3717},{"bookingid":1017},{"bookingid":277},{"bookingid":1039},{"bookingid":1503},{"bookingid":282},{"bookingid":3630},{"bookingid":3223},{"bookingid":3095},{"bookingid":366},{"bookingid":4108},{"bookingid":4228},{"bookingid":1557},{"bookingid":3305},{"bookingid":518},{"bookingid":3032},{"bookingid":1317},{"bookingid":2217},{"bookingid":1642},{"bookingid":3573},{"bookingid":2412},{"bookingid":1173},{"bookingid":2331},{"bookingid":2068},{"bookingid":1445},{"bookingid":4395},{"bookingid":3248},{"bookingid":2532},{"bookingid":3013},{"bookingid":492},{"bookingid":4180},{"bookingid":2607},{"bookingid":3490},{"bookingid":2935},{"bookingid":3556},{"bookingid":2514},{"bookingid":2479},{"bookingid":846},{"bookingid":3619},{"bookingid":3713},{"bookingid":4397},{"bookingid":1430},{"bookingid":2887},{"bookingid":1081},{"bookingid":1176},{"bookingid":4058},{"bookingid":3561},{"bookingid":1005},{"bookingid":4056},{"bookingid":1314},{"bookingid":1693},{"bookingid":999},{"bookingid":2218},{"bookingid":2333},{"bookingid":1892},{"bookingid":2733},{"bookingid":3296},{"bookingid":3708},{"bookingid":1302},{"bookingid":1082},{"bookingid":1654},{"bookingid":3097},{"bookingid":3841},{"bookingid":1661},{"bookingid":3279},{"bookingid":1767},{"bookingid":3085},{"bookingid":2664},{"bookingid":2326},{"bookingid":2135},{"bookingid":1625},{"bookingid":4402},{"bookingid":4377},{"bookingid":3414},{"bookingid":1993},{"bookingid":2560},{"bookingid":1606},{"bookingid":3820},{"bookingid":582},{"bookingid":1152},{"bookingid":301},{"bookingid":3702},{"bookingid":2796},{"bookingid":2381},{"bookingid":123},{"bookingid":1571},{"bookingid":3036},{"bookingid":2269},{"bookingid":2446},{"bookingid":4358},{"bookingid":3912},{"bookingid":3137},{"bookingid":3332},{"bookingid":1130},{"bookingid":986},{"bookingid":4323},{"bookingid":3322},{"bookingid":2852},{"bookingid":1075},{"bookingid":2186},{"bookingid":3703},{"bookingid":3956},{"bookingid":2022},{"bookingid":2188},{"bookingid":2223},{"bookingid":211},{"bookingid":3513},{"bookingid":2154},{"bookingid":3213},{"bookingid":407},{"bookingid":3920},{"bookingid":3922},{"bookingid":3353},{"bookingid":4210},{"bookingid":3288},{"bookingid":1490},{"bookingid":2910},{"bookingid":3863},{"bookingid":4357},{"bookingid":2780},{"bookingid":3716},{"bookingid":3166},{"bookingid":4191},{"bookingid":325},{"bookingid":3849},{"bookingid":2682},{"bookingid":2337},{"bookingid":4387},{"bookingid":3386},{"bookingid":2354},{"bookingid":2319},{"bookingid":1809},{"bookingid":2113},{"bookingid":2348},{"bookingid":3299},{"bookingid":851},{"bookingid":3150},{"bookingid":2588},{"bookingid":3606},{"bookingid":1477},{"bookingid":3978},{"bookingid":557},{"bookingid":368},{"bookingid":3148},{"bookingid":2472},{"bookingid":2416},{"bookingid":1908},{"bookingid":388},{"bookingid":159},{"bookingid":1196},{"bookingid":1485},{"bookingid":2187},{"bookingid":1264},{"bookingid":2727},{"bookingid":1357},{"bookingid":3947},{"bookingid":3161},{"bookingid":163},{"bookingid":1712},{"bookingid":965},{"bookingid":2856},{"bookingid":4404},{"bookingid":1138},{"bookingid":2396},{"bookingid":3772},{"bookingid":2534},{"bookingid":111},{"bookingid":1684},{"bookingid":39},{"bookingid":3298},{"bookingid":2294},{"bookingid":4410},{"bookingid":3557},{"bookingid":3160},{"bookingid":3879},{"bookingid":2095},{"bookingid":1353},{"bookingid":2112},{"bookingid":3315},{"bookingid":1744},{"bookingid":672},{"bookingid":11},{"bookingid":4378},{"bookingid":2901},{"bookingid":2336},{"bookingid":920},{"bookingid":776},{"bookingid":3208},{"bookingid":4363},{"bookingid":598},{"bookingid":3498},{"bookingid":2004},{"bookingid":2870},{"bookingid":2821},{"bookingid":2502},{"bookingid":4284},{"bookingid":626},{"bookingid":381},{"bookingid":2772},{"bookingid":2743},{"bookingid":1204},{"bookingid":2838},{"bookingid":1033},{"bookingid":2535},{"bookingid":4304},{"bookingid":1900},{"bookingid":2675},{"bookingid":954},{"bookingid":3980},{"bookingid":462},{"bookingid":3848},{"bookingid":2162},{"bookingid":92},{"bookingid":191},{"bookingid":4020},{"bookingid":4190},{"bookingid":4306},{"bookingid":1127},{"bookingid":3732},{"bookingid":1922},{"bookingid":2427},{"bookingid":2389},{"bookingid":2603},{"bookingid":2980},{"bookingid":3786},{"bookingid":1600},{"bookingid":3710},{"bookingid":12},{"bookingid":4340},{"bookingid":3929},{"bookingid":2972},{"bookingid":20},{"bookingid":2894},{"bookingid":3908},{"bookingid":4215},{"bookingid":3823},{"bookingid":1717},{"bookingid":266},{"bookingid":384},{"bookingid":1251},{"bookingid":300},{"bookingid":958},{"bookingid":3668},{"bookingid":1988},{"bookingid":96},{"bookingid":1722},{"bookingid":1334},{"bookingid":2854},{"bookingid":796},{"bookingid":2523},{"bookingid":888},{"bookingid":1263},{"bookingid":30},{"bookingid":1822},{"bookingid":3873},{"bookingid":2707},{"bookingid":3534},{"bookingid":2047},{"bookingid":603},{"bookingid":83},{"bookingid":2168},{"bookingid":2677},{"bookingid":2352},{"bookingid":2285},{"bookingid":3319},{"bookingid":1393},{"bookingid":1300},{"bookingid":973},{"bookingid":3091},{"bookingid":1065},{"bookingid":2553},{"bookingid":4223},{"bookingid":3277},{"bookingid":3651},{"bookingid":813},{"bookingid":2580},{"bookingid":2274},{"bookingid":4264},{"bookingid":2244},{"bookingid":1967},{"bookingid":1862},{"bookingid":564},{"bookingid":2262},{"bookingid":1962},{"bookingid":2018},{"bookingid":630},{"bookingid":1834},{"bookingid":1143},{"bookingid":3099},{"bookingid":2324},{"bookingid":2708},{"bookingid":2468},{"bookingid":3271},{"bookingid":4407},{"bookingid":2867},{"bookingid":4154},{"bookingid":913},{"bookingid":3334},{"bookingid":2475},{"bookingid":4289},{"bookingid":4350},{"bookingid":2142},{"bookingid":1977},{"bookingid":33},{"bookingid":452},{"bookingid":122},{"bookingid":1692},{"bookingid":2220},{"bookingid":1476},{"bookingid":1339},{"bookingid":3014},{"bookingid":3677},{"bookingid":2986},{"bookingid":1531},{"bookingid":708},{"bookingid":1998},{"bookingid":2548},{"bookingid":1837},{"bookingid":297},{"bookingid":3448},{"bookingid":176},{"bookingid":3979},{"bookingid":56},{"bookingid":132},{"bookingid":226},{"bookingid":1325},{"bookingid":2445},{"bookingid":1309},{"bookingid":4366},{"bookingid":81},{"bookingid":3652},{"bookingid":4116},{"bookingid":4198},{"bookingid":2653},{"bookingid":699},{"bookingid":3553},{"bookingid":48},{"bookingid":4040},{"bookingid":1694},{"bookingid":3028},{"bookingid":234},{"bookingid":130},{"bookingid":1612},{"bookingid":1399},{"bookingid":3648},{"bookingid":100},{"bookingid":2958},{"bookingid":1868},{"bookingid":3960},{"bookingid":1905},{"bookingid":2102},{"bookingid":383},{"bookingid":1472},{"bookingid":3103},{"bookingid":3375},{"bookingid":103},{"bookingid":3241},{"bookingid":591},{"bookingid":1576},{"bookingid":1745},{"bookingid":3744},{"bookingid":854},{"bookingid":3767},{"bookingid":803},{"bookingid":4372},{"bookingid":440},{"bookingid":1493},{"bookingid":414},{"bookingid":863},{"bookingid":4401},{"bookingid":2413},{"bookingid":2646},{"bookingid":1872},{"bookingid":4119},{"bookingid":4343},{"bookingid":4355},{"bookingid":3698},{"bookingid":1833},{"bookingid":1716},{"bookingid":2942},{"bookingid":1174},{"bookingid":110},{"bookingid":695},{"bookingid":4234},{"bookingid":752},{"bookingid":2936},{"bookingid":3003},{"bookingid":2255},{"bookingid":4412},{"bookingid":2456},{"bookingid":2054},{"bookingid":1164},{"bookingid":3781},{"bookingid":1824},{"bookingid":3859},{"bookingid":4257},{"bookingid":1371},{"bookingid":17},{"bookingid":2703},{"bookingid":3489},{"bookingid":1648},{"bookingid":4349},{"bookingid":405},{"bookingid":3901},{"bookingid":1676},{"bookingid":10},{"bookingid":1482},{"bookingid":1057},{"bookingid":247},{"bookingid":3906},{"bookingid":1159},{"bookingid":760},{"bookingid":3683},{"bookingid":2045},{"bookingid":835},{"bookingid":3215},{"bookingid":3190},{"bookingid":2631},{"bookingid":1946},{"bookingid":2777},{"bookingid":679},{"bookingid":845},{"bookingid":3646},{"bookingid":4030},{"bookingid":3422},{"bookingid":662},{"bookingid":1616},{"bookingid":3275},{"bookingid":1373},{"bookingid":4170},{"bookingid":1045},{"bookingid":198},{"bookingid":2872},{"bookingid":567},{"bookingid":280},{"bookingid":182},{"bookingid":621},{"bookingid":1614},{"bookingid":1432},{"bookingid":839},{"bookingid":1955},{"bookingid":3226},{"bookingid":3507},{"bookingid":3115},{"bookingid":1578},{"bookingid":2075},{"bookingid":4313},{"bookingid":2138},{"bookingid":1721},{"bookingid":1382},{"bookingid":2582},{"bookingid":479},{"bookingid":3026},{"bookingid":2494},{"bookingid":788},{"bookingid":4048},{"bookingid":154},{"bookingid":2934},{"bookingid":1329},{"bookingid":3243},{"bookingid":3730},{"bookingid":4162},{"bookingid":724},{"bookingid":4383},{"bookingid":2860},{"bookingid":2722},{"bookingid":1487},{"bookingid":684},{"bookingid":818},{"bookingid":4006},{"bookingid":2690},{"bookingid":76},{"book... (set the log level to DEBUG or TRACE to see the full content) 
 </msg>
<msg time="2026-03-08T02:18:50.444770" level="INFO">C:\Users\simon\AppData\Local\Programs\Python\Python313\Lib\site-packages\urllib3\connectionpool.py:1097: InsecureRequestWarning: Unverified HTTPS request is being made to host 'restful-booker.herokuapp.com'. Adding certificate verification is strongly advised. See: https://urllib3.readthedocs.io/en/latest/advanced-usage.html#tls-warnings
  warnings.warn(</msg>
<msg time="2026-03-08T02:18:50.446667" level="INFO">${response} = &lt;Response [200]&gt;</msg>
<var>${response}</var>
<arg>alias=${SESSION_NAME}</arg>
<arg>url=${endpoint}</arg>
<arg>expected_status=${expected_status}</arg>
<doc>Sends a GET request on a previously created HTTP Session.</doc>
<status status="PASS" start="2026-03-08T02:18:49.435575" elapsed="1.011330"/>
</kw>
<return>
<value>${response}</value>
<status status="PASS" start="2026-03-08T02:18:50.447226" elapsed="0.000184"/>
</return>
<msg time="2026-03-08T02:18:50.448090" level="INFO">${response} = &lt;Response [200]&gt;</msg>
<var>${response}</var>
<arg>200</arg>
<status status="PASS" start="2026-03-08T02:18:49.427057" elapsed="1.021172"/>
</kw>
<kw name="Validate Json" owner="keywords">
<kw name="Validate Json By Schema File" owner="JSONLibrary">
<arg>${response.json()}</arg>
<arg>${CONTRACT_DIR}${/}${finename}</arg>
<doc>Validate json object by json schema file.
Arguments:
    - json_object: json as a dictionary object.
    - json_path: path to file with json schema</doc>
<status status="PASS" start="2026-03-08T02:18:50.450877" elapsed="0.296291"/>
</kw>
<arg>${response}</arg>
<arg>GetBooking.json</arg>
<status status="PASS" start="2026-03-08T02:18:50.449410" elapsed="0.298284"/>
</kw>
<tag>Reservas</tag>
<status status="PASS" start="2026-03-08T02:18:49.422158" elapsed="1.328144"/>
</test>
<test id="s1-s2-t2" name="TC4: obter reserva por ID" line="14">
<kw name="Select Random BookingId From Booking List" owner="keywords">
<kw name="GET /booking" owner="keywords" source_name="GET /${endpoint}">
<kw name="GET On Session" owner="RequestsLibrary">
<msg time="2026-03-08T02:18:51.023096" level="INFO">GET Request : url=https://restful-booker.herokuapp.com/booking 
 path_url=/booking 
 headers={'User-Agent': 'python-requests/2.32.4', 'Accept-Encoding': 'gzip, deflate', 'Accept': '*/*', 'Connection': 'keep-alive'} 
 body=None 
 </msg>
<msg time="2026-03-08T02:18:51.024260" level="INFO">GET Response : url=https://restful-booker.herokuapp.com/booking 
 status=200, reason=OK 
 headers={'Content-Length': '57600', 'Content-Type': 'application/json; charset=utf-8', 'Date': 'Sun, 08 Mar 2026 05:18:50 GMT', 'Etag': 'W/"e100-q+uzRwLF0T/Vk5PNHAW2t0rxALI"', 'Nel': '{"report_to":"heroku-nel","response_headers":["Via"],"max_age":3600,"success_fraction":0.01,"failure_fraction":0.1}', 'Report-To': '{"group":"heroku-nel","endpoints":[{"url":"https://nel.heroku.com/reports?s=9Vrql5f7RLlntCjHiiKkX%2FKca2LCTWR51xTBL%2BJ9TO8%3D\\u0026sid=c46efe9b-d3d2-4a0c-8c76-bfafa16c5add\\u0026ts=1772947130"}],"max_age":3600}', 'Reporting-Endpoints': 'heroku-nel="https://nel.heroku.com/reports?s=9Vrql5f7RLlntCjHiiKkX%2FKca2LCTWR51xTBL%2BJ9TO8%3D&amp;sid=c46efe9b-d3d2-4a0c-8c76-bfafa16c5add&amp;ts=1772947130"', 'Server': 'Heroku', 'Via': '1.1 heroku-router', 'X-Powered-By': 'Express'} 
 body=[{"bookingid":3202},{"bookingid":2731},{"bookingid":140},{"bookingid":412},{"bookingid":1964},{"bookingid":4086},{"bookingid":804},{"bookingid":2226},{"bookingid":967},{"bookingid":2167},{"bookingid":1752},{"bookingid":3258},{"bookingid":649},{"bookingid":1428},{"bookingid":1494},{"bookingid":4316},{"bookingid":1623},{"bookingid":3973},{"bookingid":1014},{"bookingid":97},{"bookingid":1307},{"bookingid":4071},{"bookingid":1566},{"bookingid":3402},{"bookingid":3575},{"bookingid":3063},{"bookingid":99},{"bookingid":2657},{"bookingid":2956},{"bookingid":1724},{"bookingid":531},{"bookingid":1613},{"bookingid":1725},{"bookingid":932},{"bookingid":2109},{"bookingid":1172},{"bookingid":309},{"bookingid":2147},{"bookingid":1186},{"bookingid":533},{"bookingid":128},{"bookingid":1092},{"bookingid":2364},{"bookingid":3709},{"bookingid":696},{"bookingid":3680},{"bookingid":3073},{"bookingid":473},{"bookingid":1686},{"bookingid":444},{"bookingid":3388},{"bookingid":430},{"bookingid":2358},{"bookingid":2529},{"bookingid":1505},{"bookingid":2434},{"bookingid":2699},{"bookingid":1826},{"bookingid":2581},{"bookingid":3580},{"bookingid":52},{"bookingid":3717},{"bookingid":1017},{"bookingid":277},{"bookingid":1039},{"bookingid":1503},{"bookingid":282},{"bookingid":3630},{"bookingid":3223},{"bookingid":3095},{"bookingid":366},{"bookingid":4108},{"bookingid":4228},{"bookingid":1557},{"bookingid":3305},{"bookingid":518},{"bookingid":3032},{"bookingid":1317},{"bookingid":2217},{"bookingid":1642},{"bookingid":3573},{"bookingid":2412},{"bookingid":1173},{"bookingid":2331},{"bookingid":2068},{"bookingid":1445},{"bookingid":4395},{"bookingid":3248},{"bookingid":2532},{"bookingid":3013},{"bookingid":492},{"bookingid":4180},{"bookingid":2607},{"bookingid":3490},{"bookingid":2935},{"bookingid":3556},{"bookingid":2514},{"bookingid":2479},{"bookingid":846},{"bookingid":3619},{"bookingid":3713},{"bookingid":4397},{"bookingid":1430},{"bookingid":2887},{"bookingid":1081},{"bookingid":1176},{"bookingid":4058},{"bookingid":3561},{"bookingid":1005},{"bookingid":4056},{"bookingid":1314},{"bookingid":1693},{"bookingid":999},{"bookingid":2218},{"bookingid":2333},{"bookingid":1892},{"bookingid":2733},{"bookingid":3296},{"bookingid":3708},{"bookingid":1302},{"bookingid":1082},{"bookingid":1654},{"bookingid":3097},{"bookingid":3841},{"bookingid":1661},{"bookingid":3279},{"bookingid":1767},{"bookingid":3085},{"bookingid":2664},{"bookingid":2326},{"bookingid":2135},{"bookingid":1625},{"bookingid":4402},{"bookingid":4377},{"bookingid":3414},{"bookingid":1993},{"bookingid":2560},{"bookingid":1606},{"bookingid":3820},{"bookingid":582},{"bookingid":1152},{"bookingid":301},{"bookingid":3702},{"bookingid":2796},{"bookingid":2381},{"bookingid":123},{"bookingid":1571},{"bookingid":3036},{"bookingid":2269},{"bookingid":2446},{"bookingid":4358},{"bookingid":3912},{"bookingid":3137},{"bookingid":3332},{"bookingid":1130},{"bookingid":986},{"bookingid":4323},{"bookingid":3322},{"bookingid":2852},{"bookingid":1075},{"bookingid":2186},{"bookingid":3703},{"bookingid":3956},{"bookingid":2022},{"bookingid":2188},{"bookingid":2223},{"bookingid":211},{"bookingid":3513},{"bookingid":2154},{"bookingid":3213},{"bookingid":407},{"bookingid":3920},{"bookingid":3922},{"bookingid":3353},{"bookingid":4210},{"bookingid":3288},{"bookingid":1490},{"bookingid":2910},{"bookingid":3863},{"bookingid":4357},{"bookingid":2780},{"bookingid":3716},{"bookingid":3166},{"bookingid":4191},{"bookingid":325},{"bookingid":3849},{"bookingid":2682},{"bookingid":2337},{"bookingid":4387},{"bookingid":3386},{"bookingid":2354},{"bookingid":2319},{"bookingid":1809},{"bookingid":2113},{"bookingid":2348},{"bookingid":3299},{"bookingid":851},{"bookingid":3150},{"bookingid":2588},{"bookingid":3606},{"bookingid":1477},{"bookingid":3978},{"bookingid":557},{"bookingid":368},{"bookingid":3148},{"bookingid":2472},{"bookingid":2416},{"bookingid":1908},{"bookingid":388},{"bookingid":159},{"bookingid":1196},{"bookingid":1485},{"bookingid":2187},{"bookingid":1264},{"bookingid":2727},{"bookingid":1357},{"bookingid":3947},{"bookingid":3161},{"bookingid":163},{"bookingid":1712},{"bookingid":965},{"bookingid":2856},{"bookingid":4404},{"bookingid":1138},{"bookingid":2396},{"bookingid":3772},{"bookingid":2534},{"bookingid":111},{"bookingid":1684},{"bookingid":39},{"bookingid":3298},{"bookingid":2294},{"bookingid":4410},{"bookingid":3557},{"bookingid":3160},{"bookingid":3879},{"bookingid":2095},{"bookingid":1353},{"bookingid":2112},{"bookingid":3315},{"bookingid":1744},{"bookingid":672},{"bookingid":11},{"bookingid":4378},{"bookingid":2901},{"bookingid":2336},{"bookingid":920},{"bookingid":776},{"bookingid":3208},{"bookingid":4363},{"bookingid":598},{"bookingid":3498},{"bookingid":2004},{"bookingid":2870},{"bookingid":2821},{"bookingid":2502},{"bookingid":4284},{"bookingid":626},{"bookingid":381},{"bookingid":2772},{"bookingid":2743},{"bookingid":1204},{"bookingid":2838},{"bookingid":1033},{"bookingid":2535},{"bookingid":4304},{"bookingid":1900},{"bookingid":2675},{"bookingid":954},{"bookingid":3980},{"bookingid":462},{"bookingid":3848},{"bookingid":2162},{"bookingid":92},{"bookingid":191},{"bookingid":4020},{"bookingid":4190},{"bookingid":4306},{"bookingid":1127},{"bookingid":3732},{"bookingid":1922},{"bookingid":2427},{"bookingid":2389},{"bookingid":2603},{"bookingid":2980},{"bookingid":3786},{"bookingid":1600},{"bookingid":3710},{"bookingid":12},{"bookingid":4340},{"bookingid":3929},{"bookingid":2972},{"bookingid":20},{"bookingid":2894},{"bookingid":3908},{"bookingid":4215},{"bookingid":3823},{"bookingid":1717},{"bookingid":266},{"bookingid":384},{"bookingid":1251},{"bookingid":300},{"bookingid":958},{"bookingid":3668},{"bookingid":1988},{"bookingid":96},{"bookingid":1722},{"bookingid":1334},{"bookingid":2854},{"bookingid":796},{"bookingid":2523},{"bookingid":888},{"bookingid":1263},{"bookingid":30},{"bookingid":1822},{"bookingid":3873},{"bookingid":2707},{"bookingid":3534},{"bookingid":2047},{"bookingid":603},{"bookingid":83},{"bookingid":2168},{"bookingid":2677},{"bookingid":2352},{"bookingid":2285},{"bookingid":3319},{"bookingid":1393},{"bookingid":1300},{"bookingid":973},{"bookingid":3091},{"bookingid":1065},{"bookingid":2553},{"bookingid":4223},{"bookingid":3277},{"bookingid":3651},{"bookingid":813},{"bookingid":2580},{"bookingid":2274},{"bookingid":4264},{"bookingid":2244},{"bookingid":1967},{"bookingid":1862},{"bookingid":564},{"bookingid":2262},{"bookingid":1962},{"bookingid":2018},{"bookingid":630},{"bookingid":1834},{"bookingid":1143},{"bookingid":3099},{"bookingid":2324},{"bookingid":2708},{"bookingid":2468},{"bookingid":3271},{"bookingid":4407},{"bookingid":2867},{"bookingid":4154},{"bookingid":913},{"bookingid":3334},{"bookingid":2475},{"bookingid":4289},{"bookingid":4350},{"bookingid":2142},{"bookingid":1977},{"bookingid":33},{"bookingid":452},{"bookingid":122},{"bookingid":1692},{"bookingid":2220},{"bookingid":1476},{"bookingid":1339},{"bookingid":3014},{"bookingid":3677},{"bookingid":2986},{"bookingid":1531},{"bookingid":708},{"bookingid":1998},{"bookingid":2548},{"bookingid":1837},{"bookingid":297},{"bookingid":3448},{"bookingid":176},{"bookingid":3979},{"bookingid":56},{"bookingid":132},{"bookingid":226},{"bookingid":1325},{"bookingid":2445},{"bookingid":1309},{"bookingid":4366},{"bookingid":81},{"bookingid":3652},{"bookingid":4116},{"bookingid":4198},{"bookingid":2653},{"bookingid":699},{"bookingid":3553},{"bookingid":48},{"bookingid":4040},{"bookingid":1694},{"bookingid":3028},{"bookingid":234},{"bookingid":130},{"bookingid":1612},{"bookingid":1399},{"bookingid":3648},{"bookingid":100},{"bookingid":2958},{"bookingid":1868},{"bookingid":3960},{"bookingid":1905},{"bookingid":2102},{"bookingid":383},{"bookingid":1472},{"bookingid":3103},{"bookingid":3375},{"bookingid":103},{"bookingid":3241},{"bookingid":591},{"bookingid":1576},{"bookingid":1745},{"bookingid":3744},{"bookingid":854},{"bookingid":3767},{"bookingid":803},{"bookingid":4372},{"bookingid":440},{"bookingid":1493},{"bookingid":414},{"bookingid":863},{"bookingid":4401},{"bookingid":2413},{"bookingid":2646},{"bookingid":1872},{"bookingid":4119},{"bookingid":4343},{"bookingid":4355},{"bookingid":3698},{"bookingid":1833},{"bookingid":1716},{"bookingid":2942},{"bookingid":1174},{"bookingid":110},{"bookingid":695},{"bookingid":4234},{"bookingid":752},{"bookingid":2936},{"bookingid":3003},{"bookingid":2255},{"bookingid":4412},{"bookingid":2456},{"bookingid":2054},{"bookingid":1164},{"bookingid":3781},{"bookingid":1824},{"bookingid":3859},{"bookingid":4257},{"bookingid":1371},{"bookingid":17},{"bookingid":2703},{"bookingid":3489},{"bookingid":1648},{"bookingid":4349},{"bookingid":405},{"bookingid":3901},{"bookingid":1676},{"bookingid":10},{"bookingid":1482},{"bookingid":1057},{"bookingid":247},{"bookingid":3906},{"bookingid":1159},{"bookingid":760},{"bookingid":3683},{"bookingid":2045},{"bookingid":835},{"bookingid":3215},{"bookingid":3190},{"bookingid":2631},{"bookingid":1946},{"bookingid":2777},{"bookingid":679},{"bookingid":845},{"bookingid":3646},{"bookingid":4030},{"bookingid":3422},{"bookingid":662},{"bookingid":1616},{"bookingid":3275},{"bookingid":1373},{"bookingid":4170},{"bookingid":1045},{"bookingid":198},{"bookingid":2872},{"bookingid":567},{"bookingid":280},{"bookingid":182},{"bookingid":621},{"bookingid":1614},{"bookingid":1432},{"bookingid":839},{"bookingid":1955},{"bookingid":3226},{"bookingid":3507},{"bookingid":3115},{"bookingid":1578},{"bookingid":2075},{"bookingid":4313},{"bookingid":2138},{"bookingid":1721},{"bookingid":1382},{"bookingid":2582},{"bookingid":479},{"bookingid":3026},{"bookingid":2494},{"bookingid":788},{"bookingid":4048},{"bookingid":154},{"bookingid":2934},{"bookingid":1329},{"bookingid":3243},{"bookingid":3730},{"bookingid":4162},{"bookingid":724},{"bookingid":4383},{"bookingid":2860},{"bookingid":2722},{"bookingid":1487},{"bookingid":684},{"bookingid":818},{"bookingid":4006},{"bookingid":2690},{"bookingid":76},{"book... (set the log level to DEBUG or TRACE to see the full content) 
 </msg>
<msg time="2026-03-08T02:18:51.026656" level="INFO">C:\Users\simon\AppData\Local\Programs\Python\Python313\Lib\site-packages\urllib3\connectionpool.py:1097: InsecureRequestWarning: Unverified HTTPS request is being made to host 'restful-booker.herokuapp.com'. Adding certificate verification is strongly advised. See: https://urllib3.readthedocs.io/en/latest/advanced-usage.html#tls-warnings
  warnings.warn(</msg>
<msg time="2026-03-08T02:18:51.029217" level="INFO">${response} = &lt;Response [200]&gt;</msg>
<var>${response}</var>
<arg>alias=${SESSION_NAME}</arg>
<arg>url=${endpoint}</arg>
<arg>expected_status=${expected_status}</arg>
<doc>Sends a GET request on a previously created HTTP Session.</doc>
<status status="PASS" start="2026-03-08T02:18:50.760326" elapsed="0.269404"/>
</kw>
<return>
<value>${response}</value>
<status status="PASS" start="2026-03-08T02:18:51.030627" elapsed="0.000453"/>
</return>
<msg time="2026-03-08T02:18:51.032910" level="INFO">${response} = &lt;Response [200]&gt;</msg>
<var>${response}</var>
<arg>200</arg>
<status status="PASS" start="2026-03-08T02:18:50.759019" elapsed="0.274452"/>
</kw>
<kw name="Evaluate" owner="BuiltIn">
<msg time="2026-03-08T02:18:51.064933" level="INFO">${bookingid} = 3475</msg>
<var>${bookingid}</var>
<arg>random.choice($response.json())['bookingid']</arg>
<arg>modules=random</arg>
<doc>Evaluates the given expression in Python and returns the result.</doc>
<status status="PASS" start="2026-03-08T02:18:51.036493" elapsed="0.029282"/>
</kw>
<return>
<value>${bookingid}</value>
<status status="PASS" start="2026-03-08T02:18:51.067489" elapsed="0.000699"/>
</return>
<msg time="2026-03-08T02:18:51.073124" level="INFO">${bookingid} = 3475</msg>
<var>${bookingid}</var>
<status status="PASS" start="2026-03-08T02:18:50.757655" elapsed="0.316518"/>
</kw>
<kw name="GET /booking/${bookingid}" owner="keywords" source_name="GET /${endpoint}/${id}">
<kw name="GET On Session" owner="RequestsLibrary">
<msg time="2026-03-08T02:18:51.250341" level="INFO">GET Request : url=https://restful-booker.herokuapp.com/booking/3475 
 path_url=/booking/3475 
 headers={'User-Agent': 'python-requests/2.32.4', 'Accept-Encoding': 'gzip, deflate', 'Accept': '*/*', 'Connection': 'keep-alive'} 
 body=None 
 </msg>
<msg time="2026-03-08T02:18:51.250771" level="INFO">GET Response : url=https://restful-booker.herokuapp.com/booking/3475 
 status=200, reason=OK 
 headers={'Content-Length': '169', 'Content-Type': 'application/json; charset=utf-8', 'Date': 'Sun, 08 Mar 2026 05:18:51 GMT', 'Etag': 'W/"a9-pLno4M4jARCCH8k0BsLT0ALMqUE"', 'Nel': '{"report_to":"heroku-nel","response_headers":["Via"],"max_age":3600,"success_fraction":0.01,"failure_fraction":0.1}', 'Report-To': '{"group":"heroku-nel","endpoints":[{"url":"https://nel.heroku.com/reports?s=INRBO6SsxVyiAl73UIqn78byzUIo%2FaagoqrutORp65A%3D\\u0026sid=c46efe9b-d3d2-4a0c-8c76-bfafa16c5add\\u0026ts=1772947131"}],"max_age":3600}', 'Reporting-Endpoints': 'heroku-nel="https://nel.heroku.com/reports?s=INRBO6SsxVyiAl73UIqn78byzUIo%2FaagoqrutORp65A%3D&amp;sid=c46efe9b-d3d2-4a0c-8c76-bfafa16c5add&amp;ts=1772947131"', 'Server': 'Heroku', 'Via': '1.1 heroku-router', 'X-Powered-By': 'Express'} 
 body={"firstname":"John","lastname":"Smith","totalprice":111,"depositpaid":true,"bookingdates":{"checkin":"2018-01-01","checkout":"2019-01-01"},"additionalneeds":"Breakfast"} 
 </msg>
<msg time="2026-03-08T02:18:51.251112" level="INFO">C:\Users\simon\AppData\Local\Programs\Python\Python313\Lib\site-packages\urllib3\connectionpool.py:1097: InsecureRequestWarning: Unverified HTTPS request is being made to host 'restful-booker.herokuapp.com'. Adding certificate verification is strongly advised. See: https://urllib3.readthedocs.io/en/latest/advanced-usage.html#tls-warnings
  warnings.warn(</msg>
<msg time="2026-03-08T02:18:51.252885" level="INFO">${response} = &lt;Response [200]&gt;</msg>
<var>${response}</var>
<arg>alias=${SESSION_NAME}</arg>
<arg>url=${endpoint}/${id}</arg>
<arg>expected_status=${expected_status}</arg>
<doc>Sends a GET request on a previously created HTTP Session.</doc>
<status status="PASS" start="2026-03-08T02:18:51.092834" elapsed="0.160277"/>
</kw>
<return>
<value>${response}</value>
<status status="PASS" start="2026-03-08T02:18:51.253506" elapsed="0.000216"/>
</return>
<msg time="2026-03-08T02:18:51.254485" level="INFO">${response} = &lt;Response [200]&gt;</msg>
<var>${response}</var>
<arg>200</arg>
<status status="PASS" start="2026-03-08T02:18:51.085121" elapsed="0.169516"/>
</kw>
<kw name="Validate Json" owner="keywords">
<kw name="Validate Json By Schema File" owner="JSONLibrary">
<arg>${response.json()}</arg>
<arg>${CONTRACT_DIR}${/}${finename}</arg>
<doc>Validate json object by json schema file.
Arguments:
    - json_object: json as a dictionary object.
    - json_path: path to file with json schema</doc>
<status status="PASS" start="2026-03-08T02:18:51.257381" elapsed="0.016630"/>
</kw>
<arg>${response}</arg>
<arg>GetBookinglds.json</arg>
<status status="PASS" start="2026-03-08T02:18:51.255899" elapsed="0.019364"/>
</kw>
<tag>ID</tag>
<status status="PASS" start="2026-03-08T02:18:50.755419" elapsed="0.526324"/>
</test>
<test id="s1-s2-t3" name="TC5: criar reserva" line="20">
<kw name="Load Json From File" owner="JSONLibrary">
<msg time="2026-03-08T02:18:51.302103" level="INFO">${payload} = {'firstname': 'Josh', 'lastname': 'Allen', 'totalprice': 111, 'depositpaid': True, 'bookingdates': {'checkin': '2018-01-01', 'checkout': '2019-01-01'}, 'additionalneeds': 'super bowls'}</msg>
<var>${payload}</var>
<arg>${PAYLOAD_DIR}/PostBooking.json</arg>
<doc>Load JSON from file.</doc>
<status status="PASS" start="2026-03-08T02:18:51.292853" elapsed="0.010028"/>
</kw>
<kw name="POST On Session" owner="RequestsLibrary">
<msg time="2026-03-08T02:18:51.461602" level="INFO">POST Request : url=https://restful-booker.herokuapp.com/booking 
 path_url=/booking 
 headers={'User-Agent': 'python-requests/2.32.4', 'Accept-Encoding': 'gzip, deflate', 'Accept': '*/*', 'Connection': 'keep-alive', 'Content-Length': '185', 'Content-Type': 'application/json'} 
 body=b'{"firstname": "Josh", "lastname": "Allen", "totalprice": 111, "depositpaid": true, "bookingdates": {"checkin": "2018-01-01", "checkout": "2019-01-01"}, "additionalneeds": "super bowls"}' 
 </msg>
<msg time="2026-03-08T02:18:51.461944" level="INFO">POST Response : url=https://restful-booker.herokuapp.com/booking 
 status=200, reason=OK 
 headers={'Content-Length': '200', 'Content-Type': 'application/json; charset=utf-8', 'Date': 'Sun, 08 Mar 2026 05:18:51 GMT', 'Etag': 'W/"c8-XQx1f2xarxgPOkpt7CFzMYNvTKU"', 'Nel': '{"report_to":"heroku-nel","response_headers":["Via"],"max_age":3600,"success_fraction":0.01,"failure_fraction":0.1}', 'Report-To': '{"group":"heroku-nel","endpoints":[{"url":"https://nel.heroku.com/reports?s=INRBO6SsxVyiAl73UIqn78byzUIo%2FaagoqrutORp65A%3D\\u0026sid=c46efe9b-d3d2-4a0c-8c76-bfafa16c5add\\u0026ts=1772947131"}],"max_age":3600}', 'Reporting-Endpoints': 'heroku-nel="https://nel.heroku.com/reports?s=INRBO6SsxVyiAl73UIqn78byzUIo%2FaagoqrutORp65A%3D&amp;sid=c46efe9b-d3d2-4a0c-8c76-bfafa16c5add&amp;ts=1772947131"', 'Server': 'Heroku', 'Via': '1.1 heroku-router', 'X-Powered-By': 'Express'} 
 body={"bookingid":4425,"booking":{"firstname":"Josh","lastname":"Allen","totalprice":111,"depositpaid":true,"bookingdates":{"checkin":"2018-01-01","checkout":"2019-01-01"},"additionalneeds":"super bowls"}} 
 </msg>
<msg time="2026-03-08T02:18:51.462201" level="INFO">C:\Users\simon\AppData\Local\Programs\Python\Python313\Lib\site-packages\urllib3\connectionpool.py:1097: InsecureRequestWarning: Unverified HTTPS request is being made to host 'restful-booker.herokuapp.com'. Adding certificate verification is strongly advised. See: https://urllib3.readthedocs.io/en/latest/advanced-usage.html#tls-warnings
  warnings.warn(</msg>
<msg time="2026-03-08T02:18:51.463643" level="INFO">${response} = &lt;Response [200]&gt;</msg>
<var>${response}</var>
<arg>iqs</arg>
<arg>/booking</arg>
<arg>json=${payload}</arg>
<arg>expected_status=200</arg>
<doc>Sends a POST request on a previously created HTTP Session.</doc>
<status status="PASS" start="2026-03-08T02:18:51.309006" elapsed="0.154843"/>
</kw>
<kw name="Validate Json" owner="keywords">
<kw name="Validate Json By Schema File" owner="JSONLibrary">
<arg>${response.json()}</arg>
<arg>${CONTRACT_DIR}${/}${finename}</arg>
<doc>Validate json object by json schema file.
Arguments:
    - json_object: json as a dictionary object.
    - json_path: path to file with json schema</doc>
<status status="PASS" start="2026-03-08T02:18:51.469712" elapsed="0.016615"/>
</kw>
<arg>${response}</arg>
<arg>CreateBooking.json</arg>
<status status="PASS" start="2026-03-08T02:18:51.468332" elapsed="0.018457"/>
</kw>
<kw name="Set Variable" owner="BuiltIn">
<msg time="2026-03-08T02:18:51.497149" level="INFO">${booking} = {'firstname': 'Josh', 'lastname': 'Allen', 'totalprice': 111, 'depositpaid': True, 'bookingdates': {'checkin': '2018-01-01', 'checkout': '2019-01-01'}, 'additionalneeds': 'super bowls'}</msg>
<var>${booking}</var>
<arg>${response.json()}[booking]</arg>
<doc>Returns the given values which can then be assigned to a variables.</doc>
<status status="PASS" start="2026-03-08T02:18:51.488229" elapsed="0.010071"/>
</kw>
<kw name="Set Variable" owner="BuiltIn">
<msg time="2026-03-08T02:18:51.515502" level="INFO">${bookingid} = 4425</msg>
<var>${bookingid}</var>
<arg>${response.json()}[bookingid]</arg>
<doc>Returns the given values which can then be assigned to a variables.</doc>
<status status="PASS" start="2026-03-08T02:18:51.506977" elapsed="0.010055"/>
</kw>
<kw name="GET On Session" owner="RequestsLibrary">
<msg time="2026-03-08T02:18:51.666539" level="INFO">GET Request : url=https://restful-booker.herokuapp.com/booking/4425 
 path_url=/booking/4425 
 headers={'User-Agent': 'python-requests/2.32.4', 'Accept-Encoding': 'gzip, deflate', 'Accept': '*/*', 'Connection': 'keep-alive'} 
 body=None 
 </msg>
<msg time="2026-03-08T02:18:51.666916" level="INFO">GET Response : url=https://restful-booker.herokuapp.com/booking/4425 
 status=200, reason=OK 
 headers={'Content-Length': '171', 'Content-Type': 'application/json; charset=utf-8', 'Date': 'Sun, 08 Mar 2026 05:18:51 GMT', 'Etag': 'W/"ab-MG4aCOdqq15ogV4Uqb+rfjZOkQk"', 'Nel': '{"report_to":"heroku-nel","response_headers":["Via"],"max_age":3600,"success_fraction":0.01,"failure_fraction":0.1}', 'Report-To': '{"group":"heroku-nel","endpoints":[{"url":"https://nel.heroku.com/reports?s=INRBO6SsxVyiAl73UIqn78byzUIo%2FaagoqrutORp65A%3D\\u0026sid=c46efe9b-d3d2-4a0c-8c76-bfafa16c5add\\u0026ts=1772947131"}],"max_age":3600}', 'Reporting-Endpoints': 'heroku-nel="https://nel.heroku.com/reports?s=INRBO6SsxVyiAl73UIqn78byzUIo%2FaagoqrutORp65A%3D&amp;sid=c46efe9b-d3d2-4a0c-8c76-bfafa16c5add&amp;ts=1772947131"', 'Server': 'Heroku', 'Via': '1.1 heroku-router', 'X-Powered-By': 'Express'} 
 body={"firstname":"Josh","lastname":"Allen","totalprice":111,"depositpaid":true,"bookingdates":{"checkin":"2018-01-01","checkout":"2019-01-01"},"additionalneeds":"super bowls"} 
 </msg>
<msg time="2026-03-08T02:18:51.667266" level="INFO">C:\Users\simon\AppData\Local\Programs\Python\Python313\Lib\site-packages\urllib3\connectionpool.py:1097: InsecureRequestWarning: Unverified HTTPS request is being made to host 'restful-booker.herokuapp.com'. Adding certificate verification is strongly advised. See: https://urllib3.readthedocs.io/en/latest/advanced-usage.html#tls-warnings
  warnings.warn(</msg>
<msg time="2026-03-08T02:18:51.668503" level="INFO">${response} = &lt;Response [200]&gt;</msg>
<var>${response}</var>
<arg>iqs</arg>
<arg>/booking/${bookingid}</arg>
<arg>expected_status=200</arg>
<doc>Sends a GET request on a previously created HTTP Session.</doc>
<status status="PASS" start="2026-03-08T02:18:51.522977" elapsed="0.145753"/>
</kw>
<kw name="Dictionaries Should Be Equal" owner="Collections">
<arg>${response.json()}</arg>
<arg>${booking}</arg>
<doc>Fails if the given dictionaries are not equal.</doc>
<status status="PASS" start="2026-03-08T02:18:51.670280" elapsed="0.002469"/>
</kw>
<tag>CRIAR</tag>
<status status="PASS" start="2026-03-08T02:18:51.287729" elapsed="0.385996"/>
</test>
<test id="s1-s2-t4" name="TC6: substituir reserva" line="33">
<kw name="Select Random BookingId From Booking List" owner="keywords">
<kw name="GET /booking" owner="keywords" source_name="GET /${endpoint}">
<kw name="GET On Session" owner="RequestsLibrary">
<msg time="2026-03-08T02:18:51.831139" level="INFO">GET Request : url=https://restful-booker.herokuapp.com/booking 
 path_url=/booking 
 headers={'User-Agent': 'python-requests/2.32.4', 'Accept-Encoding': 'gzip, deflate', 'Accept': '*/*', 'Connection': 'keep-alive'} 
 body=None 
 </msg>
<msg time="2026-03-08T02:18:51.831633" level="INFO">GET Response : url=https://restful-booker.herokuapp.com/booking 
 status=200, reason=OK 
 headers={'Content-Length': '57657', 'Content-Type': 'application/json; charset=utf-8', 'Date': 'Sun, 08 Mar 2026 05:18:51 GMT', 'Etag': 'W/"e139-XFmzw/I/y2SpwO+9NE1BCO6uxQ8"', 'Nel': '{"report_to":"heroku-nel","response_headers":["Via"],"max_age":3600,"success_fraction":0.01,"failure_fraction":0.1}', 'Report-To': '{"group":"heroku-nel","endpoints":[{"url":"https://nel.heroku.com/reports?s=INRBO6SsxVyiAl73UIqn78byzUIo%2FaagoqrutORp65A%3D\\u0026sid=c46efe9b-d3d2-4a0c-8c76-bfafa16c5add\\u0026ts=1772947131"}],"max_age":3600}', 'Reporting-Endpoints': 'heroku-nel="https://nel.heroku.com/reports?s=INRBO6SsxVyiAl73UIqn78byzUIo%2FaagoqrutORp65A%3D&amp;sid=c46efe9b-d3d2-4a0c-8c76-bfafa16c5add&amp;ts=1772947131"', 'Server': 'Heroku', 'Via': '1.1 heroku-router', 'X-Powered-By': 'Express'} 
 body=[{"bookingid":3202},{"bookingid":2731},{"bookingid":140},{"bookingid":412},{"bookingid":1964},{"bookingid":4086},{"bookingid":804},{"bookingid":2226},{"bookingid":967},{"bookingid":2167},{"bookingid":1752},{"bookingid":3258},{"bookingid":649},{"bookingid":1428},{"bookingid":1494},{"bookingid":4316},{"bookingid":1623},{"bookingid":3973},{"bookingid":1014},{"bookingid":97},{"bookingid":1307},{"bookingid":4071},{"bookingid":1566},{"bookingid":3402},{"bookingid":3575},{"bookingid":3063},{"bookingid":99},{"bookingid":2657},{"bookingid":2956},{"bookingid":1724},{"bookingid":531},{"bookingid":1613},{"bookingid":1725},{"bookingid":932},{"bookingid":2109},{"bookingid":1172},{"bookingid":309},{"bookingid":2147},{"bookingid":1186},{"bookingid":533},{"bookingid":128},{"bookingid":1092},{"bookingid":2364},{"bookingid":3709},{"bookingid":696},{"bookingid":3680},{"bookingid":3073},{"bookingid":473},{"bookingid":1686},{"bookingid":444},{"bookingid":3388},{"bookingid":430},{"bookingid":2358},{"bookingid":2529},{"bookingid":1505},{"bookingid":2434},{"bookingid":2699},{"bookingid":1826},{"bookingid":2581},{"bookingid":3580},{"bookingid":52},{"bookingid":3717},{"bookingid":1017},{"bookingid":277},{"bookingid":1039},{"bookingid":1503},{"bookingid":282},{"bookingid":3630},{"bookingid":3223},{"bookingid":3095},{"bookingid":366},{"bookingid":4108},{"bookingid":4228},{"bookingid":1557},{"bookingid":3305},{"bookingid":518},{"bookingid":3032},{"bookingid":1317},{"bookingid":2217},{"bookingid":1642},{"bookingid":3573},{"bookingid":2412},{"bookingid":1173},{"bookingid":2331},{"bookingid":2068},{"bookingid":1445},{"bookingid":4395},{"bookingid":3248},{"bookingid":2532},{"bookingid":3013},{"bookingid":492},{"bookingid":4180},{"bookingid":2607},{"bookingid":3490},{"bookingid":2935},{"bookingid":3556},{"bookingid":2514},{"bookingid":2479},{"bookingid":846},{"bookingid":3619},{"bookingid":3713},{"bookingid":4397},{"bookingid":1430},{"bookingid":2887},{"bookingid":1081},{"bookingid":1176},{"bookingid":4058},{"bookingid":3561},{"bookingid":1005},{"bookingid":4056},{"bookingid":1314},{"bookingid":1693},{"bookingid":999},{"bookingid":2218},{"bookingid":2333},{"bookingid":1892},{"bookingid":2733},{"bookingid":3296},{"bookingid":3708},{"bookingid":1302},{"bookingid":1082},{"bookingid":1654},{"bookingid":3097},{"bookingid":3841},{"bookingid":1661},{"bookingid":3279},{"bookingid":1767},{"bookingid":3085},{"bookingid":2664},{"bookingid":2326},{"bookingid":2135},{"bookingid":1625},{"bookingid":4402},{"bookingid":4377},{"bookingid":3414},{"bookingid":1993},{"bookingid":2560},{"bookingid":1606},{"bookingid":3820},{"bookingid":582},{"bookingid":1152},{"bookingid":301},{"bookingid":3702},{"bookingid":2796},{"bookingid":2381},{"bookingid":123},{"bookingid":1571},{"bookingid":3036},{"bookingid":2269},{"bookingid":2446},{"bookingid":4358},{"bookingid":3912},{"bookingid":3137},{"bookingid":3332},{"bookingid":1130},{"bookingid":986},{"bookingid":4323},{"bookingid":3322},{"bookingid":2852},{"bookingid":1075},{"bookingid":2186},{"bookingid":3703},{"bookingid":3956},{"bookingid":2022},{"bookingid":2188},{"bookingid":2223},{"bookingid":211},{"bookingid":3513},{"bookingid":2154},{"bookingid":3213},{"bookingid":407},{"bookingid":3920},{"bookingid":3922},{"bookingid":3353},{"bookingid":4210},{"bookingid":3288},{"bookingid":1490},{"bookingid":2910},{"bookingid":3863},{"bookingid":4357},{"bookingid":2780},{"bookingid":3716},{"bookingid":3166},{"bookingid":4191},{"bookingid":325},{"bookingid":3849},{"bookingid":2682},{"bookingid":2337},{"bookingid":4387},{"bookingid":3386},{"bookingid":2354},{"bookingid":2319},{"bookingid":1809},{"bookingid":2113},{"bookingid":2348},{"bookingid":3299},{"bookingid":851},{"bookingid":3150},{"bookingid":2588},{"bookingid":3606},{"bookingid":1477},{"bookingid":3978},{"bookingid":557},{"bookingid":368},{"bookingid":3148},{"bookingid":2472},{"bookingid":2416},{"bookingid":1908},{"bookingid":388},{"bookingid":159},{"bookingid":1196},{"bookingid":1485},{"bookingid":2187},{"bookingid":1264},{"bookingid":2727},{"bookingid":1357},{"bookingid":3947},{"bookingid":3161},{"bookingid":163},{"bookingid":1712},{"bookingid":965},{"bookingid":2856},{"bookingid":4404},{"bookingid":1138},{"bookingid":2396},{"bookingid":3772},{"bookingid":2534},{"bookingid":111},{"bookingid":1684},{"bookingid":39},{"bookingid":3298},{"bookingid":2294},{"bookingid":4410},{"bookingid":3557},{"bookingid":3160},{"bookingid":3879},{"bookingid":2095},{"bookingid":1353},{"bookingid":2112},{"bookingid":3315},{"bookingid":1744},{"bookingid":672},{"bookingid":11},{"bookingid":4378},{"bookingid":2901},{"bookingid":2336},{"bookingid":920},{"bookingid":776},{"bookingid":3208},{"bookingid":4363},{"bookingid":598},{"bookingid":3498},{"bookingid":2004},{"bookingid":2870},{"bookingid":2821},{"bookingid":2502},{"bookingid":4284},{"bookingid":626},{"bookingid":381},{"bookingid":2772},{"bookingid":2743},{"bookingid":1204},{"bookingid":2838},{"bookingid":1033},{"bookingid":2535},{"bookingid":4304},{"bookingid":1900},{"bookingid":2675},{"bookingid":954},{"bookingid":3980},{"bookingid":462},{"bookingid":3848},{"bookingid":2162},{"bookingid":92},{"bookingid":191},{"bookingid":4020},{"bookingid":4190},{"bookingid":4306},{"bookingid":1127},{"bookingid":3732},{"bookingid":1922},{"bookingid":2427},{"bookingid":2389},{"bookingid":2603},{"bookingid":2980},{"bookingid":3786},{"bookingid":1600},{"bookingid":3710},{"bookingid":12},{"bookingid":4340},{"bookingid":3929},{"bookingid":2972},{"bookingid":20},{"bookingid":2894},{"bookingid":3908},{"bookingid":4215},{"bookingid":3823},{"bookingid":1717},{"bookingid":266},{"bookingid":384},{"bookingid":1251},{"bookingid":300},{"bookingid":958},{"bookingid":3668},{"bookingid":1988},{"bookingid":96},{"bookingid":1722},{"bookingid":1334},{"bookingid":2854},{"bookingid":796},{"bookingid":2523},{"bookingid":888},{"bookingid":1263},{"bookingid":30},{"bookingid":1822},{"bookingid":3873},{"bookingid":2707},{"bookingid":3534},{"bookingid":2047},{"bookingid":603},{"bookingid":83},{"bookingid":2168},{"bookingid":2677},{"bookingid":2352},{"bookingid":2285},{"bookingid":3319},{"bookingid":1393},{"bookingid":1300},{"bookingid":973},{"bookingid":3091},{"bookingid":1065},{"bookingid":2553},{"bookingid":4223},{"bookingid":3277},{"bookingid":3651},{"bookingid":813},{"bookingid":2580},{"bookingid":2274},{"bookingid":4264},{"bookingid":2244},{"bookingid":1967},{"bookingid":1862},{"bookingid":564},{"bookingid":2262},{"bookingid":1962},{"bookingid":2018},{"bookingid":630},{"bookingid":1834},{"bookingid":1143},{"bookingid":3099},{"bookingid":2324},{"bookingid":2708},{"bookingid":2468},{"bookingid":3271},{"bookingid":4407},{"bookingid":2867},{"bookingid":4154},{"bookingid":913},{"bookingid":3334},{"bookingid":2475},{"bookingid":4289},{"bookingid":4350},{"bookingid":2142},{"bookingid":1977},{"bookingid":33},{"bookingid":452},{"bookingid":122},{"bookingid":1692},{"bookingid":2220},{"bookingid":1476},{"bookingid":1339},{"bookingid":3014},{"bookingid":3677},{"bookingid":2986},{"bookingid":1531},{"bookingid":708},{"bookingid":1998},{"bookingid":2548},{"bookingid":1837},{"bookingid":297},{"bookingid":3448},{"bookingid":176},{"bookingid":3979},{"bookingid":56},{"bookingid":132},{"bookingid":226},{"bookingid":1325},{"bookingid":2445},{"bookingid":1309},{"bookingid":4366},{"bookingid":81},{"bookingid":3652},{"bookingid":4116},{"bookingid":4198},{"bookingid":2653},{"bookingid":699},{"bookingid":3553},{"bookingid":48},{"bookingid":4040},{"bookingid":1694},{"bookingid":3028},{"bookingid":234},{"bookingid":130},{"bookingid":1612},{"bookingid":1399},{"bookingid":3648},{"bookingid":100},{"bookingid":2958},{"bookingid":1868},{"bookingid":3960},{"bookingid":1905},{"bookingid":2102},{"bookingid":383},{"bookingid":1472},{"bookingid":3103},{"bookingid":3375},{"bookingid":103},{"bookingid":3241},{"bookingid":591},{"bookingid":1576},{"bookingid":1745},{"bookingid":3744},{"bookingid":854},{"bookingid":3767},{"bookingid":803},{"bookingid":4372},{"bookingid":440},{"bookingid":1493},{"bookingid":414},{"bookingid":863},{"bookingid":4401},{"bookingid":2413},{"bookingid":2646},{"bookingid":1872},{"bookingid":4119},{"bookingid":4343},{"bookingid":4355},{"bookingid":3698},{"bookingid":1833},{"bookingid":1716},{"bookingid":2942},{"bookingid":1174},{"bookingid":110},{"bookingid":695},{"bookingid":4234},{"bookingid":752},{"bookingid":2936},{"bookingid":3003},{"bookingid":2255},{"bookingid":4412},{"bookingid":2456},{"bookingid":2054},{"bookingid":1164},{"bookingid":3781},{"bookingid":1824},{"bookingid":3859},{"bookingid":4257},{"bookingid":1371},{"bookingid":17},{"bookingid":2703},{"bookingid":3489},{"bookingid":1648},{"bookingid":4349},{"bookingid":405},{"bookingid":3901},{"bookingid":1676},{"bookingid":10},{"bookingid":1482},{"bookingid":1057},{"bookingid":247},{"bookingid":3906},{"bookingid":1159},{"bookingid":760},{"bookingid":3683},{"bookingid":2045},{"bookingid":835},{"bookingid":3215},{"bookingid":3190},{"bookingid":2631},{"bookingid":1946},{"bookingid":2777},{"bookingid":679},{"bookingid":845},{"bookingid":3646},{"bookingid":4030},{"bookingid":3422},{"bookingid":662},{"bookingid":1616},{"bookingid":3275},{"bookingid":1373},{"bookingid":4170},{"bookingid":1045},{"bookingid":198},{"bookingid":2872},{"bookingid":567},{"bookingid":280},{"bookingid":182},{"bookingid":621},{"bookingid":1614},{"bookingid":1432},{"bookingid":839},{"bookingid":1955},{"bookingid":3226},{"bookingid":3507},{"bookingid":3115},{"bookingid":1578},{"bookingid":2075},{"bookingid":4313},{"bookingid":2138},{"bookingid":1721},{"bookingid":1382},{"bookingid":2582},{"bookingid":479},{"bookingid":3026},{"bookingid":2494},{"bookingid":788},{"bookingid":4048},{"bookingid":154},{"bookingid":2934},{"bookingid":1329},{"bookingid":3243},{"bookingid":3730},{"bookingid":4162},{"bookingid":724},{"bookingid":4383},{"bookingid":2860},{"bookingid":2722},{"bookingid":1487},{"bookingid":684},{"bookingid":818},{"bookingid":4006},{"bookingid":2690},{"bookingid":76},{"book... (set the log level to DEBUG or TRACE to see the full content) 
 </msg>
<msg time="2026-03-08T02:18:51.832415" level="INFO">C:\Users\simon\AppData\Local\Programs\Python\Python313\Lib\site-packages\urllib3\connectionpool.py:1097: InsecureRequestWarning: Unverified HTTPS request is being made to host 'restful-booker.herokuapp.com'. Adding certificate verification is strongly advised. See: https://urllib3.readthedocs.io/en/latest/advanced-usage.html#tls-warnings
  warnings.warn(</msg>
<msg time="2026-03-08T02:18:51.834281" level="INFO">${response} = &lt;Response [200]&gt;</msg>
<var>${response}</var>
<arg>alias=${SESSION_NAME}</arg>
<arg>url=${endpoint}</arg>
<arg>expected_status=${expected_status}</arg>
<doc>Sends a GET request on a previously created HTTP Session.</doc>
<status status="PASS" start="2026-03-08T02:18:51.685659" elapsed="0.148835"/>
</kw>
<return>
<value>${response}</value>
<status status="PASS" start="2026-03-08T02:18:51.834807" elapsed="0.000188"/>
</return>
<msg time="2026-03-08T02:18:51.835649" level="INFO">${response} = &lt;Response [200]&gt;</msg>
<var>${response}</var>
<arg>200</arg>
<status status="PASS" start="2026-03-08T02:18:51.683652" elapsed="0.152128"/>
</kw>
<kw name="Evaluate" owner="BuiltIn">
<msg time="2026-03-08T02:18:51.845500" level="INFO">${bookingid} = 4356</msg>
<var>${bookingid}</var>
<arg>random.choice($response.json())['bookingid']</arg>
<arg>modules=random</arg>
<doc>Evaluates the given expression in Python and returns the result.</doc>
<status status="PASS" start="2026-03-08T02:18:51.836386" elapsed="0.009865"/>
</kw>
<return>
<value>${bookingid}</value>
<status status="PASS" start="2026-03-08T02:18:51.847344" elapsed="0.000786"/>
</return>
<msg time="2026-03-08T02:18:51.850157" level="INFO">${bookingid} = 4356</msg>
<var>${bookingid}</var>
<status status="PASS" start="2026-03-08T02:18:51.681305" elapsed="0.169098"/>
</kw>
<kw name="PUT /booking/${bookingid}" owner="keywords" source_name="PUT /${endpoint}/${id}">
<kw name="Get token" owner="keywords">
<kw name="POST /auth" owner="keywords" source_name="POST /${endpoint}">
<kw name="Load Json From File" owner="JSONLibrary">
<msg time="2026-03-08T02:18:51.870750" level="INFO">${payload} = {'username': 'admin', 'password': 'password123'}</msg>
<var>${payload}</var>
<arg>${PAYLOAD_DIR}${/}${filename}</arg>
<doc>Load JSON from file.</doc>
<status status="PASS" start="2026-03-08T02:18:51.865304" elapsed="0.005705"/>
</kw>
<kw name="POST On Session" owner="RequestsLibrary">
<msg time="2026-03-08T02:18:52.028271" level="INFO">POST Request : url=https://restful-booker.herokuapp.com/auth 
 path_url=/auth 
 headers={'User-Agent': 'python-requests/2.32.4', 'Accept-Encoding': 'gzip, deflate', 'Accept': '*/*', 'Connection': 'keep-alive', 'Content-Length': '48', 'Content-Type': 'application/json'} 
 body=b'{"username": "admin", "password": "password123"}' 
 </msg>
<msg time="2026-03-08T02:18:52.028655" level="INFO">POST Response : url=https://restful-booker.herokuapp.com/auth 
 status=200, reason=OK 
 headers={'Content-Length': '27', 'Content-Type': 'application/json; charset=utf-8', 'Date': 'Sun, 08 Mar 2026 05:18:51 GMT', 'Etag': 'W/"1b-qo7osXmn8WMdJgnxTuTaS7yVIMY"', 'Nel': '{"report_to":"heroku-nel","response_headers":["Via"],"max_age":3600,"success_fraction":0.01,"failure_fraction":0.1}', 'Report-To': '{"group":"heroku-nel","endpoints":[{"url":"https://nel.heroku.com/reports?s=INRBO6SsxVyiAl73UIqn78byzUIo%2FaagoqrutORp65A%3D\\u0026sid=c46efe9b-d3d2-4a0c-8c76-bfafa16c5add\\u0026ts=1772947131"}],"max_age":3600}', 'Reporting-Endpoints': 'heroku-nel="https://nel.heroku.com/reports?s=INRBO6SsxVyiAl73UIqn78byzUIo%2FaagoqrutORp65A%3D&amp;sid=c46efe9b-d3d2-4a0c-8c76-bfafa16c5add&amp;ts=1772947131"', 'Server': 'Heroku', 'Via': '1.1 heroku-router', 'X-Powered-By': 'Express'} 
 body={"token":"c283efbd7c6b93a"} 
 </msg>
<msg time="2026-03-08T02:18:52.028974" level="INFO">C:\Users\simon\AppData\Local\Programs\Python\Python313\Lib\site-packages\urllib3\connectionpool.py:1097: InsecureRequestWarning: Unverified HTTPS request is being made to host 'restful-booker.herokuapp.com'. Adding certificate verification is strongly advised. See: https://urllib3.readthedocs.io/en/latest/advanced-usage.html#tls-warnings
  warnings.warn(</msg>
<msg time="2026-03-08T02:18:52.030709" level="INFO">${response} = &lt;Response [200]&gt;</msg>
<var>${response}</var>
<arg>alias=${SESSION_NAME}</arg>
<arg>url=${endpoint}</arg>
<arg>json=${payload}</arg>
<arg>expected_status=${expected_status}</arg>
<doc>Sends a POST request on a previously created HTTP Session.</doc>
<status status="PASS" start="2026-03-08T02:18:51.873199" elapsed="0.157729"/>
</kw>
<return>
<value>${response}</value>
<status status="PASS" start="2026-03-08T02:18:52.031274" elapsed="0.000186"/>
</return>
<msg time="2026-03-08T02:18:52.032147" level="INFO">${response} = &lt;Response [200]&gt;</msg>
<var>${response}</var>
<arg>PostAuthValid.json</arg>
<arg>200</arg>
<status status="PASS" start="2026-03-08T02:18:51.858123" elapsed="0.174166"/>
</kw>
<kw name="Set Variable" owner="BuiltIn">
<msg time="2026-03-08T02:18:52.035702" level="INFO">${token} = c283efbd7c6b93a</msg>
<var>${token}</var>
<arg>${response.json()['token']}</arg>
<doc>Returns the given values which can then be assigned to a variables.</doc>
<status status="PASS" start="2026-03-08T02:18:52.032940" elapsed="0.002924"/>
</kw>
<return>
<value>${token}</value>
<status status="PASS" start="2026-03-08T02:18:52.036126" elapsed="0.000176"/>
</return>
<msg time="2026-03-08T02:18:52.036925" level="INFO">${token} = c283efbd7c6b93a</msg>
<var>${token}</var>
<status status="PASS" start="2026-03-08T02:18:51.854532" elapsed="0.182523"/>
</kw>
<kw name="Load Json From File" owner="JSONLibrary">
<msg time="2026-03-08T02:18:52.042495" level="INFO">${payload} = {'firstname': 'Josh', 'lastname': 'Allen', 'totalprice': 111, 'depositpaid': True, 'bookingdates': {'checkin': '2018-01-01', 'checkout': '2019-01-01'}, 'additionalneeds': 'super bowls'}</msg>
<var>${payload}</var>
<arg>${PAYLOAD_DIR}${/}${filename}</arg>
<doc>Load JSON from file.</doc>
<status status="PASS" start="2026-03-08T02:18:52.037671" elapsed="0.005225"/>
</kw>
<kw name="Create Dictionary" owner="BuiltIn">
<msg time="2026-03-08T02:18:52.047695" level="INFO">${headers} = {'Content-Type': 'application/json', 'Cookie': 'token=c283efbd7c6b93a'}</msg>
<var>${headers}</var>
<arg>Content-Type=application/json</arg>
<arg>Cookie=token=${token}</arg>
<doc>Creates and returns a dictionary based on the given ``items``.</doc>
<status status="PASS" start="2026-03-08T02:18:52.043626" elapsed="0.004313"/>
</kw>
<kw name="PUT On Session" owner="RequestsLibrary">
<msg time="2026-03-08T02:18:52.195102" level="INFO">PUT Request : url=https://restful-booker.herokuapp.com/booking/4356 
 path_url=/booking/4356 
 headers={'User-Agent': 'python-requests/2.32.4', 'Accept-Encoding': 'gzip, deflate', 'Accept': '*/*', 'Connection': 'keep-alive', 'Content-Type': 'application/json', 'Cookie': 'token=c283efbd7c6b93a', 'Content-Length': '185'} 
 body=b'{"firstname": "Josh", "lastname": "Allen", "totalprice": 111, "depositpaid": true, "bookingdates": {"checkin": "2018-01-01", "checkout": "2019-01-01"}, "additionalneeds": "super bowls"}' 
 </msg>
<msg time="2026-03-08T02:18:52.196525" level="INFO">PUT Response : url=https://restful-booker.herokuapp.com/booking/4356 
 status=200, reason=OK 
 headers={'Content-Length': '171', 'Content-Type': 'application/json; charset=utf-8', 'Date': 'Sun, 08 Mar 2026 05:18:51 GMT', 'Etag': 'W/"ab-MG4aCOdqq15ogV4Uqb+rfjZOkQk"', 'Nel': '{"report_to":"heroku-nel","response_headers":["Via"],"max_age":3600,"success_fraction":0.01,"failure_fraction":0.1}', 'Report-To': '{"group":"heroku-nel","endpoints":[{"url":"https://nel.heroku.com/reports?s=INRBO6SsxVyiAl73UIqn78byzUIo%2FaagoqrutORp65A%3D\\u0026sid=c46efe9b-d3d2-4a0c-8c76-bfafa16c5add\\u0026ts=1772947131"}],"max_age":3600}', 'Reporting-Endpoints': 'heroku-nel="https://nel.heroku.com/reports?s=INRBO6SsxVyiAl73UIqn78byzUIo%2FaagoqrutORp65A%3D&amp;sid=c46efe9b-d3d2-4a0c-8c76-bfafa16c5add&amp;ts=1772947131"', 'Server': 'Heroku', 'Via': '1.1 heroku-router', 'X-Powered-By': 'Express'} 
 body={"firstname":"Josh","lastname":"Allen","totalprice":111,"depositpaid":true,"bookingdates":{"checkin":"2018-01-01","checkout":"2019-01-01"},"additionalneeds":"super bowls"} 
 </msg>
<msg time="2026-03-08T02:18:52.198413" level="INFO">C:\Users\simon\AppData\Local\Programs\Python\Python313\Lib\site-packages\urllib3\connectionpool.py:1097: InsecureRequestWarning: Unverified HTTPS request is being made to host 'restful-booker.herokuapp.com'. Adding certificate verification is strongly advised. See: https://urllib3.readthedocs.io/en/latest/advanced-usage.html#tls-warnings
  warnings.warn(</msg>
<msg time="2026-03-08T02:18:52.206440" level="INFO">${response} = &lt;Response [200]&gt;</msg>
<var>${response}</var>
<arg>alias=${SESSION_NAME}</arg>
<arg>url=${endpoint}/${id}</arg>
<arg>json=${payload}</arg>
<arg>headers=${headers}</arg>
<arg>expected_status=${expected_status}</arg>
<doc>Sends a PUT request on a previously created HTTP Session.</doc>
<status status="PASS" start="2026-03-08T02:18:52.048782" elapsed="0.157915"/>
</kw>
<return>
<value>${response}</value>
<status status="PASS" start="2026-03-08T02:18:52.207086" elapsed="0.000208"/>
</return>
<msg time="2026-03-08T02:18:52.208171" level="INFO">${response} = &lt;Response [200]&gt;</msg>
<var>${response}</var>
<arg>PutBooking.json</arg>
<arg>200</arg>
<status status="PASS" start="2026-03-08T02:18:51.852469" elapsed="0.356011"/>
</kw>
<kw name="Validate Json" owner="keywords">
<kw name="Validate Json By Schema File" owner="JSONLibrary">
<arg>${response.json()}</arg>
<arg>${CONTRACT_DIR}${/}${finename}</arg>
<doc>Validate json object by json schema file.
Arguments:
    - json_object: json as a dictionary object.
    - json_path: path to file with json schema</doc>
<status status="PASS" start="2026-03-08T02:18:52.219288" elapsed="0.026790"/>
</kw>
<arg>${response}</arg>
<arg>UpdateBooking.json</arg>
<status status="PASS" start="2026-03-08T02:18:52.217538" elapsed="0.030530"/>
</kw>
<kw name="GET /booking/${bookingid}" owner="keywords" source_name="GET /${endpoint}/${id}">
<kw name="GET On Session" owner="RequestsLibrary">
<msg time="2026-03-08T02:18:52.437656" level="INFO">GET Request : url=https://restful-booker.herokuapp.com/booking/4356 
 path_url=/booking/4356 
 headers={'User-Agent': 'python-requests/2.32.4', 'Accept-Encoding': 'gzip, deflate', 'Accept': '*/*', 'Connection': 'keep-alive'} 
 body=None 
 </msg>
<msg time="2026-03-08T02:18:52.438733" level="INFO">GET Response : url=https://restful-booker.herokuapp.com/booking/4356 
 status=200, reason=OK 
 headers={'Content-Length': '171', 'Content-Type': 'application/json; charset=utf-8', 'Date': 'Sun, 08 Mar 2026 05:18:52 GMT', 'Etag': 'W/"ab-MG4aCOdqq15ogV4Uqb+rfjZOkQk"', 'Nel': '{"report_to":"heroku-nel","response_headers":["Via"],"max_age":3600,"success_fraction":0.01,"failure_fraction":0.1}', 'Report-To': '{"group":"heroku-nel","endpoints":[{"url":"https://nel.heroku.com/reports?s=GzXXZq5k6kETXhueMF9SQdzL5TzzRrM6xTpF7etpnXo%3D\\u0026sid=c46efe9b-d3d2-4a0c-8c76-bfafa16c5add\\u0026ts=1772947132"}],"max_age":3600}', 'Reporting-Endpoints': 'heroku-nel="https://nel.heroku.com/reports?s=GzXXZq5k6kETXhueMF9SQdzL5TzzRrM6xTpF7etpnXo%3D&amp;sid=c46efe9b-d3d2-4a0c-8c76-bfafa16c5add&amp;ts=1772947132"', 'Server': 'Heroku', 'Via': '1.1 heroku-router', 'X-Powered-By': 'Express'} 
 body={"firstname":"Josh","lastname":"Allen","totalprice":111,"depositpaid":true,"bookingdates":{"checkin":"2018-01-01","checkout":"2019-01-01"},"additionalneeds":"super bowls"} 
 </msg>
<msg time="2026-03-08T02:18:52.439281" level="INFO">C:\Users\simon\AppData\Local\Programs\Python\Python313\Lib\site-packages\urllib3\connectionpool.py:1097: InsecureRequestWarning: Unverified HTTPS request is being made to host 'restful-booker.herokuapp.com'. Adding certificate verification is strongly advised. See: https://urllib3.readthedocs.io/en/latest/advanced-usage.html#tls-warnings
  warnings.warn(</msg>
<msg time="2026-03-08T02:18:52.444391" level="INFO">${response} = &lt;Response [200]&gt;</msg>
<var>${response}</var>
<arg>alias=${SESSION_NAME}</arg>
<arg>url=${endpoint}/${id}</arg>
<arg>expected_status=${expected_status}</arg>
<doc>Sends a GET request on a previously created HTTP Session.</doc>
<status status="PASS" start="2026-03-08T02:18:52.276896" elapsed="0.167663"/>
</kw>
<return>
<value>${response}</value>
<status status="PASS" start="2026-03-08T02:18:52.444849" elapsed="0.000184"/>
</return>
<msg time="2026-03-08T02:18:52.445702" level="INFO">${newResponse} = &lt;Response [200]&gt;</msg>
<var>${newResponse}</var>
<arg>200</arg>
<status status="PASS" start="2026-03-08T02:18:52.257223" elapsed="0.188616"/>
</kw>
<kw name="Dictionaries Should Be Equal" owner="Collections">
<arg>${newResponse.json()}</arg>
<arg>${response.json()}</arg>
<doc>Fails if the given dictionaries are not equal.</doc>
<status status="PASS" start="2026-03-08T02:18:52.446924" elapsed="0.012613"/>
</kw>
<tag>SUBSTITUIR</tag>
<status status="PASS" start="2026-03-08T02:18:51.678437" elapsed="0.787674"/>
</test>
<test id="s1-s2-t5" name="TC7: editar reserva" line="44">
<kw name="Select Random BookingId From Booking List" owner="keywords">
<kw name="GET /booking" owner="keywords" source_name="GET /${endpoint}">
<kw name="GET On Session" owner="RequestsLibrary">
<msg time="2026-03-08T02:18:52.692402" level="INFO">GET Request : url=https://restful-booker.herokuapp.com/booking 
 path_url=/booking 
 headers={'User-Agent': 'python-requests/2.32.4', 'Accept-Encoding': 'gzip, deflate', 'Accept': '*/*', 'Connection': 'keep-alive'} 
 body=None 
 </msg>
<msg time="2026-03-08T02:18:52.694354" level="INFO">GET Response : url=https://restful-booker.herokuapp.com/booking 
 status=200, reason=OK 
 headers={'Content-Length': '57771', 'Content-Type': 'application/json; charset=utf-8', 'Date': 'Sun, 08 Mar 2026 05:18:52 GMT', 'Etag': 'W/"e1ab-MVT0+zztoslRxTVvJckQX9MrBjQ"', 'Nel': '{"report_to":"heroku-nel","response_headers":["Via"],"max_age":3600,"success_fraction":0.01,"failure_fraction":0.1}', 'Report-To': '{"group":"heroku-nel","endpoints":[{"url":"https://nel.heroku.com/reports?s=GzXXZq5k6kETXhueMF9SQdzL5TzzRrM6xTpF7etpnXo%3D\\u0026sid=c46efe9b-d3d2-4a0c-8c76-bfafa16c5add\\u0026ts=1772947132"}],"max_age":3600}', 'Reporting-Endpoints': 'heroku-nel="https://nel.heroku.com/reports?s=GzXXZq5k6kETXhueMF9SQdzL5TzzRrM6xTpF7etpnXo%3D&amp;sid=c46efe9b-d3d2-4a0c-8c76-bfafa16c5add&amp;ts=1772947132"', 'Server': 'Heroku', 'Via': '1.1 heroku-router', 'X-Powered-By': 'Express'} 
 body=[{"bookingid":3202},{"bookingid":2731},{"bookingid":140},{"bookingid":412},{"bookingid":1964},{"bookingid":4086},{"bookingid":804},{"bookingid":2226},{"bookingid":967},{"bookingid":2167},{"bookingid":1752},{"bookingid":3258},{"bookingid":649},{"bookingid":1428},{"bookingid":1494},{"bookingid":4316},{"bookingid":1623},{"bookingid":3973},{"bookingid":1014},{"bookingid":97},{"bookingid":1307},{"bookingid":4071},{"bookingid":1566},{"bookingid":3402},{"bookingid":3575},{"bookingid":3063},{"bookingid":99},{"bookingid":2657},{"bookingid":2956},{"bookingid":1724},{"bookingid":531},{"bookingid":1613},{"bookingid":1725},{"bookingid":932},{"bookingid":2109},{"bookingid":1172},{"bookingid":309},{"bookingid":2147},{"bookingid":1186},{"bookingid":533},{"bookingid":128},{"bookingid":1092},{"bookingid":2364},{"bookingid":3709},{"bookingid":696},{"bookingid":3680},{"bookingid":3073},{"bookingid":473},{"bookingid":1686},{"bookingid":444},{"bookingid":3388},{"bookingid":430},{"bookingid":2358},{"bookingid":2529},{"bookingid":1505},{"bookingid":2434},{"bookingid":2699},{"bookingid":1826},{"bookingid":2581},{"bookingid":3580},{"bookingid":52},{"bookingid":3717},{"bookingid":1017},{"bookingid":277},{"bookingid":1039},{"bookingid":1503},{"bookingid":282},{"bookingid":3630},{"bookingid":3223},{"bookingid":3095},{"bookingid":366},{"bookingid":4108},{"bookingid":4228},{"bookingid":1557},{"bookingid":3305},{"bookingid":518},{"bookingid":3032},{"bookingid":1317},{"bookingid":2217},{"bookingid":1642},{"bookingid":3573},{"bookingid":2412},{"bookingid":1173},{"bookingid":2331},{"bookingid":2068},{"bookingid":1445},{"bookingid":4395},{"bookingid":3248},{"bookingid":2532},{"bookingid":3013},{"bookingid":492},{"bookingid":4180},{"bookingid":2607},{"bookingid":3490},{"bookingid":2935},{"bookingid":3556},{"bookingid":2514},{"bookingid":2479},{"bookingid":846},{"bookingid":3619},{"bookingid":3713},{"bookingid":4397},{"bookingid":1430},{"bookingid":2887},{"bookingid":1081},{"bookingid":1176},{"bookingid":4058},{"bookingid":3561},{"bookingid":1005},{"bookingid":4056},{"bookingid":1314},{"bookingid":1693},{"bookingid":999},{"bookingid":2218},{"bookingid":2333},{"bookingid":1892},{"bookingid":2733},{"bookingid":3296},{"bookingid":3708},{"bookingid":1302},{"bookingid":1082},{"bookingid":1654},{"bookingid":3097},{"bookingid":3841},{"bookingid":1661},{"bookingid":3279},{"bookingid":1767},{"bookingid":3085},{"bookingid":2664},{"bookingid":2326},{"bookingid":2135},{"bookingid":1625},{"bookingid":4402},{"bookingid":4377},{"bookingid":3414},{"bookingid":1993},{"bookingid":2560},{"bookingid":1606},{"bookingid":3820},{"bookingid":582},{"bookingid":1152},{"bookingid":301},{"bookingid":3702},{"bookingid":2796},{"bookingid":2381},{"bookingid":123},{"bookingid":1571},{"bookingid":3036},{"bookingid":2269},{"bookingid":2446},{"bookingid":4358},{"bookingid":3912},{"bookingid":3137},{"bookingid":3332},{"bookingid":1130},{"bookingid":986},{"bookingid":4323},{"bookingid":3322},{"bookingid":2852},{"bookingid":1075},{"bookingid":2186},{"bookingid":3703},{"bookingid":3956},{"bookingid":2022},{"bookingid":2188},{"bookingid":2223},{"bookingid":211},{"bookingid":3513},{"bookingid":2154},{"bookingid":3213},{"bookingid":407},{"bookingid":3920},{"bookingid":3922},{"bookingid":3353},{"bookingid":4210},{"bookingid":3288},{"bookingid":1490},{"bookingid":2910},{"bookingid":3863},{"bookingid":4357},{"bookingid":2780},{"bookingid":3716},{"bookingid":3166},{"bookingid":4191},{"bookingid":325},{"bookingid":3849},{"bookingid":2682},{"bookingid":2337},{"bookingid":4387},{"bookingid":3386},{"bookingid":2354},{"bookingid":2319},{"bookingid":1809},{"bookingid":2113},{"bookingid":2348},{"bookingid":3299},{"bookingid":851},{"bookingid":3150},{"bookingid":2588},{"bookingid":3606},{"bookingid":1477},{"bookingid":3978},{"bookingid":557},{"bookingid":368},{"bookingid":3148},{"bookingid":2472},{"bookingid":2416},{"bookingid":1908},{"bookingid":388},{"bookingid":159},{"bookingid":1196},{"bookingid":1485},{"bookingid":2187},{"bookingid":1264},{"bookingid":2727},{"bookingid":1357},{"bookingid":3947},{"bookingid":3161},{"bookingid":163},{"bookingid":1712},{"bookingid":965},{"bookingid":2856},{"bookingid":4404},{"bookingid":1138},{"bookingid":2396},{"bookingid":3772},{"bookingid":2534},{"bookingid":111},{"bookingid":1684},{"bookingid":39},{"bookingid":3298},{"bookingid":2294},{"bookingid":4410},{"bookingid":3557},{"bookingid":3160},{"bookingid":3879},{"bookingid":2095},{"bookingid":1353},{"bookingid":2112},{"bookingid":3315},{"bookingid":1744},{"bookingid":672},{"bookingid":11},{"bookingid":4378},{"bookingid":2901},{"bookingid":2336},{"bookingid":920},{"bookingid":776},{"bookingid":3208},{"bookingid":4363},{"bookingid":598},{"bookingid":3498},{"bookingid":2004},{"bookingid":2870},{"bookingid":2821},{"bookingid":2502},{"bookingid":4284},{"bookingid":626},{"bookingid":381},{"bookingid":2772},{"bookingid":2743},{"bookingid":1204},{"bookingid":2838},{"bookingid":1033},{"bookingid":2535},{"bookingid":4304},{"bookingid":1900},{"bookingid":2675},{"bookingid":954},{"bookingid":3980},{"bookingid":462},{"bookingid":3848},{"bookingid":2162},{"bookingid":92},{"bookingid":191},{"bookingid":4020},{"bookingid":4190},{"bookingid":4306},{"bookingid":1127},{"bookingid":3732},{"bookingid":1922},{"bookingid":2427},{"bookingid":2389},{"bookingid":2603},{"bookingid":2980},{"bookingid":3786},{"bookingid":1600},{"bookingid":3710},{"bookingid":12},{"bookingid":4340},{"bookingid":3929},{"bookingid":2972},{"bookingid":20},{"bookingid":2894},{"bookingid":3908},{"bookingid":4215},{"bookingid":3823},{"bookingid":1717},{"bookingid":266},{"bookingid":384},{"bookingid":1251},{"bookingid":300},{"bookingid":958},{"bookingid":3668},{"bookingid":1988},{"bookingid":96},{"bookingid":1722},{"bookingid":1334},{"bookingid":2854},{"bookingid":796},{"bookingid":2523},{"bookingid":888},{"bookingid":1263},{"bookingid":30},{"bookingid":1822},{"bookingid":3873},{"bookingid":2707},{"bookingid":3534},{"bookingid":2047},{"bookingid":603},{"bookingid":83},{"bookingid":2168},{"bookingid":2677},{"bookingid":2352},{"bookingid":2285},{"bookingid":3319},{"bookingid":1393},{"bookingid":1300},{"bookingid":973},{"bookingid":3091},{"bookingid":1065},{"bookingid":2553},{"bookingid":4223},{"bookingid":3277},{"bookingid":3651},{"bookingid":813},{"bookingid":2580},{"bookingid":2274},{"bookingid":4264},{"bookingid":2244},{"bookingid":1967},{"bookingid":1862},{"bookingid":564},{"bookingid":2262},{"bookingid":1962},{"bookingid":2018},{"bookingid":630},{"bookingid":1834},{"bookingid":1143},{"bookingid":3099},{"bookingid":2324},{"bookingid":2708},{"bookingid":2468},{"bookingid":3271},{"bookingid":4407},{"bookingid":2867},{"bookingid":4154},{"bookingid":913},{"bookingid":3334},{"bookingid":2475},{"bookingid":4289},{"bookingid":4350},{"bookingid":2142},{"bookingid":1977},{"bookingid":33},{"bookingid":452},{"bookingid":122},{"bookingid":1692},{"bookingid":2220},{"bookingid":1476},{"bookingid":1339},{"bookingid":3014},{"bookingid":3677},{"booking
[...]
<arg>${response.json()['token']}</arg>
<doc>Returns the given values which can then be assigned to a variables.</doc>
<status status="PASS" start="2026-03-08T02:18:54.035617" elapsed="0.013175"/>
</kw>
<return>
<value>${token}</value>
<status status="PASS" start="2026-03-08T02:18:54.049107" elapsed="0.000187"/>
</return>
<msg time="2026-03-08T02:18:54.049986" level="INFO">${token} = 73d7dabe50fdd10</msg>
<var>${token}</var>
<status status="PASS" start="2026-03-08T02:18:53.811652" elapsed="0.238482"/>
</kw>
<kw name="Create Dictionary" owner="BuiltIn">
<msg time="2026-03-08T02:18:54.052500" level="INFO">${headers} = {'Content-Type': 'application/json', 'Cookie': 'token=73d7dabe50fdd10'}</msg>
<var>${headers}</var>
<arg>Content-Type=application/json</arg>
<arg>Cookie=token=${token}</arg>
<doc>Creates and returns a dictionary based on the given ``items``.</doc>
<status status="PASS" start="2026-03-08T02:18:54.050774" elapsed="0.001900"/>
</kw>
<kw name="DELETE On Session" owner="RequestsLibrary">
<msg time="2026-03-08T02:18:54.192056" level="INFO">DELETE Request : url=https://restful-booker.herokuapp.com/booking/3386 
 path_url=/booking/3386 
 headers={'User-Agent': 'python-requests/2.32.4', 'Accept-Encoding': 'gzip, deflate', 'Accept': '*/*', 'Connection': 'keep-alive', 'Content-Type': 'application/json', 'Cookie': 'token=73d7dabe50fdd10', 'Content-Length': '0'} 
 body=None 
 </msg>
<msg time="2026-03-08T02:18:54.193220" level="INFO">DELETE Response : url=https://restful-booker.herokuapp.com/booking/3386 
 status=201, reason=Created 
 headers={'Content-Length': '7', 'Content-Type': 'text/plain; charset=utf-8', 'Date': 'Sun, 08 Mar 2026 05:18:53 GMT', 'Etag': 'W/"7-rM9AyJuqT6iOan/xHh+AW+7K/T8"', 'Nel': '{"report_to":"heroku-nel","response_headers":["Via"],"max_age":3600,"success_fraction":0.01,"failure_fraction":0.1}', 'Report-To': '{"group":"heroku-nel","endpoints":[{"url":"https://nel.heroku.com/reports?s=bmzG9l4HmPdgHxLKfO8tLBZmbUG97EPi1QRYNKKr2FA%3D\\u0026sid=c46efe9b-d3d2-4a0c-8c76-bfafa16c5add\\u0026ts=1772947133"}],"max_age":3600}', 'Reporting-Endpoints': 'heroku-nel="https://nel.heroku.com/reports?s=bmzG9l4HmPdgHxLKfO8tLBZmbUG97EPi1QRYNKKr2FA%3D&amp;sid=c46efe9b-d3d2-4a0c-8c76-bfafa16c5add&amp;ts=1772947133"', 'Server': 'Heroku', 'Via': '1.1 heroku-router', 'X-Powered-By': 'Express'} 
 body=Created 
 </msg>
<msg time="2026-03-08T02:18:54.193677" level="INFO">C:\Users\simon\AppData\Local\Programs\Python\Python313\Lib\site-packages\urllib3\connectionpool.py:1097: InsecureRequestWarning: Unverified HTTPS request is being made to host 'restful-booker.herokuapp.com'. Adding certificate verification is strongly advised. See: https://urllib3.readthedocs.io/en/latest/advanced-usage.html#tls-warnings
  warnings.warn(</msg>
<msg time="2026-03-08T02:18:54.195654" level="INFO">${response} = &lt;Response [201]&gt;</msg>
<var>${response}</var>
<arg>alias=${SESSION_NAME}</arg>
<arg>url=${endpoint}/${id}</arg>
<arg>headers=${headers}</arg>
<arg>expected_status=${expected_status}</arg>
<doc>Sends a DELETE request on a previously created HTTP Session.</doc>
<status status="PASS" start="2026-03-08T02:18:54.053427" elapsed="0.142645"/>
</kw>
<return>
<value>${response}</value>
<status status="PASS" start="2026-03-08T02:18:54.196765" elapsed="0.000309"/>
</return>
<msg time="2026-03-08T02:18:54.199034" level="INFO">${response} = &lt;Response [201]&gt;</msg>
<var>${response}</var>
<arg>201</arg>
<status status="PASS" start="2026-03-08T02:18:53.796823" elapsed="0.402954"/>
</kw>
<kw name="GET /booking/${bookingid}" owner="keywords" source_name="GET /${endpoint}/${id}">
<kw name="GET On Session" owner="RequestsLibrary">
<msg time="2026-03-08T02:18:54.342556" level="INFO">GET Request : url=https://restful-booker.herokuapp.com/booking/3386 
 path_url=/booking/3386 
 headers={'User-Agent': 'python-requests/2.32.4', 'Accept-Encoding': 'gzip, deflate', 'Accept': '*/*', 'Connection': 'keep-alive'} 
 body=None 
 </msg>
<msg time="2026-03-08T02:18:54.343016" level="INFO">GET Response : url=https://restful-booker.herokuapp.com/booking/3386 
 status=404, reason=Not Found 
 headers={'Content-Length': '9', 'Content-Type': 'text/plain; charset=utf-8', 'Date': 'Sun, 08 Mar 2026 05:18:54 GMT', 'Etag': 'W/"9-0gXL1ngzMqISxa6S1zx3F4wtLyg"', 'Nel': '{"report_to":"heroku-nel","response_headers":["Via"],"max_age":3600,"success_fraction":0.01,"failure_fraction":0.1}', 'Report-To': '{"group":"heroku-nel","endpoints":[{"url":"https://nel.heroku.com/reports?s=11591fYylmzAyB%2B5MCXttsuje7pPCK4Bns%2B1q%2F9t3w4%3D\\u0026sid=c46efe9b-d3d2-4a0c-8c76-bfafa16c5add\\u0026ts=1772947134"}],"max_age":3600}', 'Reporting-Endpoints': 'heroku-nel="https://nel.heroku.com/reports?s=11591fYylmzAyB%2B5MCXttsuje7pPCK4Bns%2B1q%2F9t3w4%3D&amp;sid=c46efe9b-d3d2-4a0c-8c76-bfafa16c5add&amp;ts=1772947134"', 'Server': 'Heroku', 'Via': '1.1 heroku-router', 'X-Powered-By': 'Express'} 
 body=Not Found 
 </msg>
<msg time="2026-03-08T02:18:54.343368" level="INFO">C:\Users\simon\AppData\Local\Programs\Python\Python313\Lib\site-packages\urllib3\connectionpool.py:1097: InsecureRequestWarning: Unverified HTTPS request is being made to host 'restful-booker.herokuapp.com'. Adding certificate verification is strongly advised. See: https://urllib3.readthedocs.io/en/latest/advanced-usage.html#tls-warnings
  warnings.warn(</msg>
<msg time="2026-03-08T02:18:54.344906" level="INFO">${response} = &lt;Response [404]&gt;</msg>
<var>${response}</var>
<arg>alias=${SESSION_NAME}</arg>
<arg>url=${endpoint}/${id}</arg>
<arg>expected_status=${expected_status}</arg>
<doc>Sends a GET request on a previously created HTTP Session.</doc>
<status status="PASS" start="2026-03-08T02:18:54.204355" elapsed="0.140763"/>
</kw>
<return>
<value>${response}</value>
<status status="PASS" start="2026-03-08T02:18:54.345458" elapsed="0.000180"/>
</return>
<arg>404</arg>
<status status="PASS" start="2026-03-08T02:18:54.202726" elapsed="0.143520"/>
</kw>
<kw name="GET /booking" owner="keywords" source_name="GET /${endpoint}">
<kw name="GET On Session" owner="RequestsLibrary">
<msg time="2026-03-08T02:18:54.488392" level="INFO">GET Request : url=https://restful-booker.herokuapp.com/booking 
 path_url=/booking 
 headers={'User-Agent': 'python-requests/2.32.4', 'Accept-Encoding': 'gzip, deflate', 'Accept': '*/*', 'Connection': 'keep-alive'} 
 body=None 
 </msg>
<msg time="2026-03-08T02:18:54.488787" level="INFO">GET Response : url=https://restful-booker.herokuapp.com/booking 
 status=200, reason=OK 
 headers={'Content-Length': '57980', 'Content-Type': 'application/json; charset=utf-8', 'Date': 'Sun, 08 Mar 2026 05:18:54 GMT', 'Etag': 'W/"e27c-+8nxcnkteJU/trpizlXOsXmmndQ"', 'Nel': '{"report_to":"heroku-nel","response_headers":["Via"],"max_age":3600,"success_fraction":0.01,"failure_fraction":0.1}', 'Report-To': '{"group":"heroku-nel","endpoints":[{"url":"https://nel.heroku.com/reports?s=11591fYylmzAyB%2B5MCXttsuje7pPCK4Bns%2B1q%2F9t3w4%3D\\u0026sid=c46efe9b-d3d2-4a0c-8c76-bfafa16c5add\\u0026ts=1772947134"}],"max_age":3600}', 'Reporting-Endpoints': 'heroku-nel="https://nel.heroku.com/reports?s=11591fYylmzAyB%2B5MCXttsuje7pPCK4Bns%2B1q%2F9t3w4%3D&amp;sid=c46efe9b-d3d2-4a0c-8c76-bfafa16c5add&amp;ts=1772947134"', 'Server': 'Heroku', 'Via': '1.1 heroku-router', 'X-Powered-By': 'Express'} 
 body=[{"bookingid":3202},{"bookingid":2731},{"bookingid":140},{"bookingid":412},{"bookingid":1964},{"bookingid":4086},{"bookingid":804},{"bookingid":2226},{"bookingid":967},{"bookingid":2167},{"bookingid":1752},{"bookingid":3258},{"bookingid":649},{"bookingid":1428},{"bookingid":1494},{"bookingid":4316},{"bookingid":1623},{"bookingid":3973},{"bookingid":1014},{"bookingid":97},{"bookingid":1307},{"bookingid":4071},{"bookingid":1566},{"bookingid":3402},{"bookingid":3575},{"bookingid":3063},{"bookingid":99},{"bookingid":2657},{"bookingid":2956},{"bookingid":1724},{"bookingid":531},{"bookingid":1613},{"bookingid":1725},{"bookingid":932},{"bookingid":2109},{"bookingid":1172},{"bookingid":309},{"bookingid":2147},{"bookingid":1186},{"bookingid":533},{"bookingid":128},{"bookingid":1092},{"bookingid":2364},{"bookingid":3709},{"bookingid":696},{"bookingid":3680},{"bookingid":3073},{"bookingid":473},{"bookingid":1686},{"bookingid":444},{"bookingid":3388},{"bookingid":430},{"bookingid":2358},{"bookingid":2529},{"bookingid":1505},{"bookingid":2434},{"bookingid":2699},{"bookingid":1826},{"bookingid":2581},{"bookingid":3580},{"bookingid":52},{"bookingid":3717},{"bookingid":1017},{"bookingid":277},{"bookingid":1039},{"bookingid":1503},{"bookingid":282},{"bookingid":3630},{"bookingid":3223},{"bookingid":3095},{"bookingid":366},{"bookingid":4108},{"bookingid":4228},{"bookingid":1557},{"bookingid":3305},{"bookingid":518},{"bookingid":3032},{"bookingid":1317},{"bookingid":2217},{"bookingid":1642},{"bookingid":3573},{"bookingid":2412},{"bookingid":1173},{"bookingid":2331},{"bookingid":2068},{"bookingid":1445},{"bookingid":4395},{"bookingid":3248},{"bookingid":2532},{"bookingid":3013},{"bookingid":4444},{"bookingid":492},{"bookingid":4180},{"bookingid":2607},{"bookingid":3490},{"bookingid":2935},{"bookingid":3556},{"bookingid":2514},{"bookingid":2479},{"bookingid":846},{"bookingid":3619},{"bookingid":3713},{"bookingid":4397},{"bookingid":1430},{"bookingid":2887},{"bookingid":1081},{"bookingid":1176},{"bookingid":4058},{"bookingid":3561},{"bookingid":1005},{"bookingid":4056},{"bookingid":1314},{"bookingid":1693},{"bookingid":999},{"bookingid":2218},{"bookingid":2333},{"bookingid":1892},{"bookingid":2733},{"bookingid":3296},{"bookingid":3708},{"bookingid":1302},{"bookingid":1082},{"bookingid":1654},{"bookingid":3097},{"bookingid":3841},{"bookingid":1661},{"bookingid":3279},{"bookingid":1767},{"bookingid":3085},{"bookingid":2664},{"bookingid":2326},{"bookingid":2135},{"bookingid":1625},{"bookingid":4402},{"bookingid":4377},{"bookingid":3414},{"bookingid":1993},{"bookingid":2560},{"bookingid":1606},{"bookingid":3820},{"bookingid":582},{"bookingid":1152},{"bookingid":301},{"bookingid":3702},{"bookingid":2796},{"bookingid":2381},{"bookingid":123},{"bookingid":1571},{"bookingid":3036},{"bookingid":2269},{"bookingid":2446},{"bookingid":4358},{"bookingid":3912},{"bookingid":3137},{"bookingid":3332},{"bookingid":1130},{"bookingid":986},{"bookingid":4323},{"bookingid":3322},{"bookingid":2852},{"bookingid":1075},{"bookingid":2186},{"bookingid":3703},{"bookingid":3956},{"bookingid":2022},{"bookingid":2188},{"bookingid":2223},{"bookingid":211},{"bookingid":3513},{"bookingid":2154},{"bookingid":3213},{"bookingid":407},{"bookingid":3920},{"bookingid":3922},{"bookingid":3353},{"bookingid":4210},{"bookingid":3288},{"bookingid":1490},{"bookingid":2910},{"bookingid":3863},{"bookingid":4357},{"bookingid":2780},{"bookingid":3716},{"bookingid":3166},{"bookingid":4191},{"bookingid":325},{"bookingid":3849},{"bookingid":2682},{"bookingid":2337},{"bookingid":4387},{"bookingid":2354},{"bookingid":2319},{"bookingid":1809},{"bookingid":2113},{"bookingid":2348},{"bookingid":3299},{"bookingid":851},{"bookingid":3150},{"bookingid":2588},{"bookingid":3606},{"bookingid":1477},{"bookingid":3978},{"bookingid":557},{"bookingid":368},{"bookingid":3148},{"bookingid":2472},{"bookingid":2416},{"bookingid":1908},{"bookingid":388},{"bookingid":159},{"bookingid":1196},{"bookingid":1485},{"bookingid":2187},{"bookingid":1264},{"bookingid":2727},{"bookingid":1357},{"bookingid":3947},{"bookingid":3161},{"bookingid":163},{"bookingid":1712},{"bookingid":965},{"bookingid":2856},{"bookingid":4404},{"bookingid":1138},{"bookingid":2396},{"bookingid":3772},{"bookingid":2534},{"bookingid":111},{"bookingid":1684},{"bookingid":39},{"bookingid":3298},{"bookingid":2294},{"bookingid":4410},{"bookingid":3557},{"bookingid":3160},{"bookingid":3879},{"bookingid":2095},{"bookingid":1353},{"bookingid":2112},{"bookingid":3315},{"bookingid":1744},{"bookingid":672},{"bookingid":11},{"bookingid":4378},{"bookingid":2901},{"bookingid":2336},{"bookingid":920},{"bookingid":776},{"bookingid":3208},{"bookingid":4363},{"bookingid":598},{"bookingid":3498},{"bookingid":2004},{"bookingid":2870},{"bookingid":2821},{"bookingid":2502},{"bookingid":4284},{"bookingid":626},{"bookingid":381},{"bookingid":2772},{"bookingid":2743},{"bookingid":1204},{"bookingid":2838},{"bookingid":1033},{"bookingid":2535},{"bookingid":4304},{"bookingid":1900},{"bookingid":2675},{"bookingid":954},{"bookingid":3980},{"bookingid":462},{"bookingid":3848},{"bookingid":2162},{"bookingid":92},{"bookingid":191},{"bookingid":4020},{"bookingid":4190},{"bookingid":4306},{"bookingid":1127},{"bookingid":3732},{"bookingid":1922},{"bookingid":2427},{"bookingid":2389},{"bookingid":2603},{"bookingid":2980},{"bookingid":3786},{"bookingid":1600},{"bookingid":3710},{"bookingid":12},{"bookingid":4340},{"bookingid":3929},{"bookingid":2972},{"bookingid":20},{"bookingid":2894},{"bookingid":3908},{"bookingid":4215},{"bookingid":3823},{"bookingid":1717},{"bookingid":266},{"bookingid":384},{"bookingid":1251},{"bookingid":300},{"bookingid":958},{"bookingid":3668},{"bookingid":1988},{"bookingid":96},{"bookingid":1722},{"bookingid":1334},{"bookingid":2854},{"bookingid":796},{"bookingid":2523},{"bookingid":888},{"bookingid":1263},{"bookingid":30},{"bookingid":1822},{"bookingid":3873},{"bookingid":2707},{"bookingid":3534},{"bookingid":2047},{"bookingid":603},{"bookingid":83},{"bookingid":2168},{"bookingid":2677},{"bookingid":2352},{"bookingid":2285},{"bookingid":3319},{"bookingid":1393},{"bookingid":1300},{"bookingid":973},{"bookingid":3091},{"bookingid":1065},{"bookingid":2553},{"bookingid":4223},{"bookingid":3277},{"bookingid":3651},{"bookingid":813},{"bookingid":2580},{"bookingid":2274},{"bookingid":4264},{"bookingid":2244},{"bookingid":1967},{"bookingid":1862},{"bookingid":564},{"bookingid":2262},{"bookingid":1962},{"bookingid":2018},{"bookingid":630},{"bookingid":1834},{"bookingid":1143},{"bookingid":3099},{"bookingid":2324},{"bookingid":2708},{"bookingid":2468},{"bookingid":3271},{"bookingid":4407},{"bookingid":2867},{"bookingid":4154},{"bookingid":913},{"bookingid":3334},{"bookingid":2475},{"bookingid":4289},{"bookingid":4350},{"bookingid":2142},{"bookingid":1977},{"bookingid":33},{"bookingid":452},{"bookingid":122},{"bookingid":1692},{"bookingid":2220},{"bookingid":1476},{"bookingid":1339},{"bookingid":3014},{"bookingid":3677},{"bookingid":2986},{"bookingid":1531},{"bookingid":708},{"bookingid":1998},{"bookingid":2548},{"bookingid":1837},{"bookingid":297},{"bookingid":3448},{"bookingid":176},{"bookingid":3979},{"bookingid":56},{"bookingid":132},{"bookingid":226},{"bookingid":1325},{"bookingid":2445},{"bookingid":1309},{"bookingid":4366},{"bookingid":81},{"bookingid":3652},{"bookingid":4116},{"bookingid":4198},{"bookingid":2653},{"bookingid":699},{"bookingid":3553},{"bookingid":48},{"bookingid":4040},{"bookingid":1694},{"bookingid":3028},{"bookingid":234},{"bookingid":130},{"bookingid":1612},{"bookingid":1399},{"bookingid":3648},{"bookingid":100},{"bookingid":2958},{"bookingid":1868},{"bookingid":3960},{"bookingid":1905},{"bookingid":2102},{"bookingid":383},{"bookingid":1472},{"bookingid":3103},{"bookingid":3375},{"bookingid":103},{"bookingid":3241},{"bookingid":591},{"bookingid":1576},{"bookingid":1745},{"bookingid":3744},{"bookingid":854},{"bookingid":3767},{"bookingid":803},{"bookingid":4372},{"bookingid":440},{"bookingid":1493},{"bookingid":414},{"bookingid":863},{"bookingid":4401},{"bookingid":2413},{"bookingid":2646},{"bookingid":1872},{"bookingid":4119},{"bookingid":4343},{"bookingid":4355},{"bookingid":3698},{"bookingid":1833},{"bookingid":1716},{"bookingid":2942},{"bookingid":1174},{"bookingid":110},{"bookingid":695},{"bookingid":4234},{"bookingid":752},{"bookingid":2936},{"bookingid":3003},{"bookingid":2255},{"bookingid":4412},{"bookingid":2456},{"bookingid":2054},{"bookingid":1164},{"bookingid":3781},{"bookingid":1824},{"bookingid":3859},{"bookingid":4257},{"bookingid":1371},{"bookingid":17},{"bookingid":2703},{"bookingid":3489},{"bookingid":1648},{"bookingid":4349},{"bookingid":405},{"bookingid":3901},{"bookingid":1676},{"bookingid":10},{"bookingid":1482},{"bookingid":1057},{"bookingid":247},{"bookingid":3906},{"bookingid":1159},{"bookingid":760},{"bookingid":3683},{"bookingid":2045},{"bookingid":835},{"bookingid":3215},{"bookingid":3190},{"bookingid":2631},{"bookingid":1946},{"bookingid":2777},{"bookingid":679},{"bookingid":845},{"bookingid":3646},{"bookingid":4030},{"bookingid":3422},{"bookingid":662},{"bookingid":1616},{"bookingid":3275},{"bookingid":1373},{"bookingid":4170},{"bookingid":1045},{"bookingid":198},{"bookingid":2872},{"bookingid":567},{"bookingid":280},{"bookingid":182},{"bookingid":621},{"bookingid":1614},{"bookingid":1432},{"bookingid":839},{"bookingid":1955},{"bookingid":3226},{"bookingid":3507},{"bookingid":3115},{"bookingid":1578},{"bookingid":2075},{"bookingid":4313},{"bookingid":2138},{"bookingid":1721},{"bookingid":1382},{"bookingid":2582},{"bookingid":479},{"bookingid":3026},{"bookingid":2494},{"bookingid":788},{"bookingid":4048},{"bookingid":154},{"bookingid":2934},{"bookingid":1329},{"bookingid":3243},{"bookingid":3730},{"bookingid":4162},{"bookingid":724},{"bookingid":4383},{"bookingid":2860},{"bookingid":2722},{"bookingid":1487},{"bookingid":684},{"bookingid":818},{"bookingid":4006},{"bookingid":2690},{"bookingid":76},{"book... (set the log level to DEBUG or TRACE to see the full content) 
 </msg>
<msg time="2026-03-08T02:18:54.489528" level="INFO">C:\Users\simon\AppData\Local\Programs\Python\Python313\Lib\site-packages\urllib3\connectionpool.py:1097: InsecureRequestWarning: Unverified HTTPS request is being made to host 'restful-booker.herokuapp.com'. Adding certificate verification is strongly advised. See: https://urllib3.readthedocs.io/en/latest/advanced-usage.html#tls-warnings
  warnings.warn(</msg>
<msg time="2026-03-08T02:18:54.491184" level="INFO">${response} = &lt;Response [200]&gt;</msg>
<var>${response}</var>
<arg>alias=${SESSION_NAME}</arg>
<arg>url=${endpoint}</arg>
<arg>expected_status=${expected_status}</arg>
<doc>Sends a GET request on a previously created HTTP Session.</doc>
<status status="PASS" start="2026-03-08T02:18:54.349094" elapsed="0.142335"/>
</kw>
<return>
<value>${response}</value>
<status status="PASS" start="2026-03-08T02:18:54.491750" elapsed="0.000171"/>
</return>
<msg time="2026-03-08T02:18:54.493496" level="INFO">${response} = &lt;Response [200]&gt;</msg>
<var>${response}</var>
<arg>200</arg>
<status status="PASS" start="2026-03-08T02:18:54.347703" elapsed="0.145990"/>
</kw>
<kw name="Should Not Have Value In Json" owner="JSONLibrary">
<arg>${response.json()}</arg>
<arg>$[?(@.bookingid == ${bookingid})].bookingid</arg>
<doc>Should Not Have Value In JSON using JSONPath</doc>
<status status="PASS" start="2026-03-08T02:18:54.494789" elapsed="0.223146"/>
</kw>
<tag>DELETAR</tag>
<status status="PASS" start="2026-03-08T02:18:53.535154" elapsed="1.183863"/>
</test>
<status status="PASS" start="2026-03-08T02:18:49.344811" elapsed="5.377302"/>
</suite>
<status status="PASS" start="2026-03-08T02:18:43.754094" elapsed="10.978639"/>
</suite>
<statistics>
<total>
<stat pass="8" fail="0" skip="0">All Tests</stat>
</total>
<tag>
<stat pass="1" fail="0" skip="0">CRIAR</stat>
<stat pass="1" fail="0" skip="0">DELETAR</stat>
<stat pass="1" fail="0" skip="0">EDITAR</stat>
<stat pass="1" fail="0" skip="0">ID</stat>
<stat pass="1" fail="0" skip="0">Invalid</stat>
<stat pass="1" fail="0" skip="0">Reservas</stat>
<stat pass="1" fail="0" skip="0">SUBSTITUIR</stat>
<stat pass="1" fail="0" skip="0">valid</stat>
</tag>
<suite>
<stat name="Tests" id="s1" pass="8" fail="0" skip="0">Tests</stat>
<stat name="Auth" id="s1-s1" pass="2" fail="0" skip="0">Tests.Auth</stat>
<stat name="Booking" id="s1-s2" pass="6" fail="0" skip="0">Tests.Booking</stat>
</suite>
</statistics>
<errors>
</errors>
</robot>
