<?xml version="1.0" encoding="UTF-8"?>
<robot generator="Robot 7.4.2 (Python 3.13.5 on win32)" generated="2026-03-08T02:13:43.773218" rpa="false" schemaversion="5">
<suite id="s1" name="Tests" source="C:\Users\simon\Desktop\treinamento\tests">
<suite id="s1-s1" name="Booking" source="C:\Users\simon\Desktop\treinamento\tests\booking.robot">
<kw name="Create Session" owner="RequestsLibrary" type="SETUP">
<msg time="2026-03-08T02:13:47.021402" level="INFO">Creating Session using : alias=iqs, url=https://restful-booker.herokuapp.com, headers={},                     cookies={}, auth=None, timeout=None, proxies=None, verify=False,                     debug=0 </msg>
<arg>alias=iqs</arg>
<arg>url=${BASE_URL}</arg>
<doc>Create Session: create a HTTP session to a server</doc>
<status status="PASS" start="2026-03-08T02:13:47.019852" elapsed="0.002434"/>
</kw>
<test id="s1-s1-t1" name="TC8: deletar reserva" line="55">
<kw name="Select Random BookingId From Booking List" owner="keywords">
<kw name="GET /booking" owner="keywords" source_name="GET /${endpoint}">
<kw name="GET On Session" owner="RequestsLibrary">
<msg time="2026-03-08T02:13:48.047440" level="INFO">GET Request : url=https://restful-booker.herokuapp.com/booking 
 path_url=/booking 
 headers={'User-Agent': 'python-requests/2.32.4', 'Accept-Encoding': 'gzip, deflate', 'Accept': '*/*', 'Connection': 'keep-alive'} 
 body=None 
 </msg>
<msg time="2026-03-08T02:13:48.048078" level="INFO">GET Response : url=https://restful-booker.herokuapp.com/booking 
 status=200, reason=OK 
 headers={'Content-Length': '24540', 'Content-Type': 'application/json; charset=utf-8', 'Date': 'Sun, 08 Mar 2026 05:13:47 GMT', 'Etag': 'W/"5fdc-a7TFRRGYH2QJgvZ8FiGQi1pvntc"', 'Nel': '{"report_to":"heroku-nel","response_headers":["Via"],"max_age":3600,"success_fraction":0.01,"failure_fraction":0.1}', 'Report-To': '{"group":"heroku-nel","endpoints":[{"url":"https://nel.heroku.com/reports?s=ne1xXqaO%2BheK2WlqBqUJEilQ7dPj7O9Myw6Y%2BMYvOCk%3D\\u0026sid=c46efe9b-d3d2-4a0c-8c76-bfafa16c5add\\u0026ts=1772946827"}],"max_age":3600}', 'Reporting-Endpoints': 'heroku-nel="https://nel.heroku.com/reports?s=ne1xXqaO%2BheK2WlqBqUJEilQ7dPj7O9Myw6Y%2BMYvOCk%3D&amp;sid=c46efe9b-d3d2-4a0c-8c76-bfafa16c5add&amp;ts=1772946827"', 'Server': 'Heroku', 'Via': '1.1 heroku-router', 'X-Powered-By': 'Express'} 
 body=[{"bookingid":140},{"bookingid":412},{"bookingid":804},{"bookingid":967},{"bookingid":1752},{"bookingid":649},{"bookingid":1428},{"bookingid":1494},{"bookingid":1623},{"bookingid":1014},{"bookingid":97},{"bookingid":1307},{"bookingid":1566},{"bookingid":99},{"bookingid":1724},{"bookingid":531},{"bookingid":1613},{"bookingid":1725},{"bookingid":932},{"bookingid":1172},{"bookingid":309},{"bookingid":1186},{"bookingid":533},{"bookingid":128},{"bookingid":1092},{"bookingid":696},{"bookingid":473},{"bookingid":1686},{"bookingid":444},{"bookingid":430},{"bookingid":1505},{"bookingid":1826},{"bookingid":52},{"bookingid":1017},{"bookingid":277},{"bookingid":1039},{"bookingid":1503},{"bookingid":282},{"bookingid":366},{"bookingid":1557},{"bookingid":518},{"bookingid":1317},{"bookingid":1642},{"bookingid":1173},{"bookingid":1445},{"bookingid":492},{"bookingid":846},{"bookingid":1430},{"bookingid":1081},{"bookingid":1176},{"bookingid":1005},{"bookingid":1314},{"bookingid":1693},{"bookingid":999},{"bookingid":1302},{"bookingid":1082},{"bookingid":1654},{"bookingid":1661},{"bookingid":1767},{"bookingid":1625},{"bookingid":1606},{"bookingid":582},{"bookingid":1152},{"bookingid":301},{"bookingid":123},{"bookingid":1571},{"bookingid":1130},{"bookingid":986},{"bookingid":1075},{"bookingid":211},{"bookingid":407},{"bookingid":1490},{"bookingid":325},{"bookingid":1809},{"bookingid":851},{"bookingid":1477},{"bookingid":557},{"bookingid":368},{"bookingid":388},{"bookingid":159},{"bookingid":1196},{"bookingid":1485},{"bookingid":1264},{"bookingid":1357},{"bookingid":163},{"bookingid":1712},{"bookingid":965},{"bookingid":1138},{"bookingid":111},{"bookingid":1684},{"bookingid":39},{"bookingid":1353},{"bookingid":1744},{"bookingid":672},{"bookingid":11},{"bookingid":920},{"bookingid":776},{"bookingid":598},{"bookingid":626},{"bookingid":381},{"bookingid":1204},{"bookingid":1033},{"bookingid":954},{"bookingid":462},{"bookingid":92},{"bookingid":191},{"bookingid":1127},{"bookingid":1600},{"bookingid":12},{"bookingid":20},{"bookingid":1717},{"bookingid":266},{"bookingid":384},{"bookingid":1251},{"bookingid":300},{"bookingid":958},{"bookingid":96},{"bookingid":1722},{"bookingid":1334},{"bookingid":796},{"bookingid":888},{"bookingid":1263},{"bookingid":30},{"bookingid":1822},{"bookingid":603},{"bookingid":83},{"bookingid":1393},{"bookingid":1300},{"bookingid":973},{"bookingid":1065},{"bookingid":813},{"bookingid":564},{"bookingid":630},{"bookingid":1834},{"bookingid":1143},{"bookingid":913},{"bookingid":33},{"bookingid":452},{"bookingid":122},{"bookingid":1692},{"bookingid":1476},{"bookingid":1339},{"bookingid":1531},{"bookingid":708},{"bookingid":1837},{"bookingid":297},{"bookingid":176},{"bookingid":56},{"bookingid":132},{"bookingid":226},{"bookingid":1325},{"bookingid":1309},{"bookingid":81},{"bookingid":699},{"bookingid":48},{"bookingid":1694},{"bookingid":234},{"bookingid":130},{"bookingid":1612},{"bookingid":1399},{"bookingid":100},{"bookingid":383},{"bookingid":1472},{"bookingid":103},{"bookingid":591},{"bookingid":1576},{"bookingid":1745},{"bookingid":854},{"bookingid":803},{"bookingid":440},{"bookingid":1493},{"bookingid":414},{"bookingid":863},{"bookingid":1833},{"bookingid":1716},{"bookingid":1174},{"bookingid":110},{"bookingid":695},{"bookingid":752},{"bookingid":1164},{"bookingid":1824},{"bookingid":1371},{"bookingid":17},{"bookingid":1648},{"bookingid":405},{"bookingid":1676},{"bookingid":10},{"bookingid":1482},{"bookingid":1057},{"bookingid":247},{"bookingid":1159},{"bookingid":760},{"bookingid":835},{"bookingid":679},{"bookingid":845},{"bookingid":662},{"bookingid":1616},{"bookingid":1373},{"bookingid":1045},{"bookingid":198},{"bookingid":567},{"bookingid":280},{"bookingid":182},{"bookingid":621},{"bookingid":1614},{"bookingid":1432},{"bookingid":839},{"bookingid":1578},{"bookingid":1721},{"bookingid":1382},{"bookingid":479},{"bookingid":788},{"bookingid":154},{"bookingid":1329},{"bookingid":724},{"bookingid":1487},{"bookingid":684},{"bookingid":818},{"bookingid":76},{"bookingid":1369},{"bookingid":571},{"bookingid":255},{"bookingid":214},{"bookingid":606},{"bookingid":1214},{"bookingid":517},{"bookingid":1784},{"bookingid":1551},{"bookingid":1077},{"bookingid":1233},{"bookingid":914},{"bookingid":830},{"bookingid":1659},{"bookingid":1144},{"bookingid":525},{"bookingid":142},{"bookingid":644},{"bookingid":131},{"bookingid":1289},{"bookingid":1438},{"bookingid":1147},{"bookingid":1687},{"bookingid":1458},{"bookingid":1402},{"bookingid":1043},{"bookingid":590},{"bookingid":1312},{"bookingid":1384},{"bookingid":1102},{"bookingid":115},{"bookingid":645},{"bookingid":406},{"bookingid":80},{"bookingid":1574},{"bookingid":899},{"bookingid":561},{"bookingid":1182},{"bookingid":102},{"bookingid":1662},{"bookingid":94},{"bookingid":1009},{"bookingid":721},{"bookingid":700},{"bookingid":429},{"bookingid":1083},{"bookingid":737},{"bookingid":1012},{"bookingid":707},{"bookingid":1538},{"bookingid":104},{"bookingid":806},{"bookingid":997},{"bookingid":1262},{"bookingid":1621},{"bookingid":340},{"bookingid":216},{"bookingid":1091},{"bookingid":608},{"bookingid":1757},{"bookingid":1469},{"bookingid":219},{"bookingid":948},{"bookingid":47},{"bookingid":596},{"bookingid":1320},{"bookingid":147},{"bookingid":716},{"bookingid":46},{"bookingid":1044},{"bookingid":1790},{"bookingid":1199},{"bookingid":453},{"bookingid":1125},{"bookingid":1294},{"bookingid":8},{"bookingid":448},{"bookingid":808},{"bookingid":1701},{"bookingid":169},{"bookingid":978},{"bookingid":1609},{"bookingid":317},{"bookingid":879},{"bookingid":809},{"bookingid":1242},{"bookingid":57},{"bookingid":1379},{"bookingid":1198},{"bookingid":1000},{"bookingid":1394},{"bookingid":422},{"bookingid":857},{"bookingid":917},{"bookingid":1823},{"bookingid":1447},{"bookingid":1656},{"bookingid":1500},{"bookingid":201},{"bookingid":955},{"bookingid":1076},{"bookingid":1636},{"bookingid":60},{"bookingid":351},{"bookingid":1025},{"bookingid":976},{"bookingid":1533},{"bookingid":193},{"bookingid":1422},{"bookingid":350},{"bookingid":540},{"bookingid":1168},{"bookingid":1816},{"bookingid":1497},{"bookingid":252},{"bookingid":402},{"bookingid":1657},{"bookingid":1518},{"bookingid":1429},{"bookingid":50},{"bookingid":1303},{"bookingid":1341},{"bookingid":820},{"bookingid":1290},{"bookingid":1161},{"bookingid":1596},{"bookingid":186},{"bookingid":265},{"bookingid":1304},{"bookingid":133},{"bookingid":1211},{"bookingid":1805},{"bookingid":378},{"bookingid":1107},{"bookingid":43},{"bookingid":1559},{"bookingid":1131},{"bookingid":31},{"bookingid":1271},{"bookingid":367},{"bookingid":713},{"bookingid":574},{"bookingid":1120},{"bookingid":775},{"bookingid":202},{"bookingid":9},{"bookingid":339},{"bookingid":441},{"bookingid":311},{"bookingid":137},{"bookingid":743},{"bookingid":784},{"bookingid":1054},{"bookingid":719},{"bookingid":172},{"bookingid":826},{"bookingid":1611},{"bookingid":315},{"bookingid":349},{"bookingid":1259},{"bookingid":116},{"bookingid":75},{"bookingid":615},{"bookingid":447},{"bookingid":988},{"bookingid":1735},{"bookingid":1441},{"bookingid":40},{"bookingid":1668},{"bookingid":827},{"bookingid":382},{"bookingid":164},{"bookingid":624},{"bookingid":1707},{"bookingid":1640},{"bookingid":870},{"bookingid":1275},{"bookingid":1037},{"bookingid":1540},{"bookingid":1377},{"bookingid":415},{"bookingid":136},{"bookingid":1749},{"bookingid":687},{"bookingid":1681},{"bookingid":1235},{"bookingid":360},{"bookingid":758},{"bookingid":410},{"bookingid":532},{"bookingid":907},{"bookingid":220},{"bookingid":107},{"bookingid":1550},{"bookingid":227},{"bookingid":702},{"bookingid":761},{"bookingid":952},{"bookingid":467},{"bookingid":1548},{"bookingid":1703},{"bookingid":1022},{"bookingid":41},{"bookingid":454},{"bookingid":264},{"bookingid":260},{"bookingid":1595},{"bookingid":1041},{"bookingid":53},{"bookingid":1425},{"bookingid":602},{"bookingid":992},{"bookingid":1706},{"bookingid":1},{"bookingid":1195},{"bookingid":1626},{"bookingid":1070},{"bookingid":1268},{"bookingid":1535},{"bookingid":323},{"bookingid":1351},{"bookingid":1451},{"bookingid":1328},{"bookingid":387},{"bookingid":1761},{"bookingid":1026},{"bookingid":466},{"bookingid":941},{"bookingid":16},{"bookingid":1782},{"bookingid":1845},{"bookingid":369},{"bookingid":1002},{"bookingid":121},{"bookingid":1658},{"bookingid":1732},{"bookingid":291},{"bookingid":610},{"bookingid":194},{"bookingid":1221},{"bookingid":1488},{"bookingid":516},{"bookingid":361},{"bookingid":866},{"bookingid":869},{"bookingid":206},{"bookingid":267},{"bookingid":1635},{"bookingid":1222},{"bookingid":319},{"bookingid":324},{"bookingid":1282},{"bookingid":1265},{"bookingid":824},{"bookingid":1228},{"bookingid":1630},{"bookingid":1461},{"bookingid":650},{"bookingid":836},{"bookingid":1663},{"bookingid":290},{"bookingid":966},{"bookingid":149},{"bookingid":825},{"bookingid":1499},{"bookingid":718},{"bookingid":364},{"bookingid":944},{"bookingid":1220},{"bookingid":1412},{"bookingid":158},{"bookingid":1255},{"bookingid":781},{"bookingid":1155},{"bookingid":1637},{"bookingid":1171},{"bookingid":331},{"bookingid":1840},{"bookingid":270},{"bookingid":876},{"bookingid":1080},{"bookingid":1644},{"bookingid":1587},{"bookingid":1804},{"bookingid":1209},{"bookingid":230},{"bookingid":400},{"bookingid":143},{"bookingid":4},{"bookingid":622},{"bookingid":798},{"bookingid":1375},{"bookingid":481},{"bookingid":284},{"bookingid":451},{"bookingid":118},{"bookingid":853},{"bookingid":1516},{"bookingid":1071},{"bookingid":1424},{"bookingid":1666},{"bookingid":1292},{"bookingid":1049},{"bookingid":727},{"bookingid":1579},{"bookingid":167},{"bookingid":1653},{"bookingid":273},{"bookingid":576},{"bookingid":998},{"bookingid":1856},{"bookingid":849},{"bookingid":1459},{"bookingid":1105},{"bookingid":1789},{"bookingid":1602},{"bookingid":1227},{"bookingid":1027},{"bookingid":28},{"bookingid":789},{"bookingid":295},{"bookingid":767},{"bookingid":536},{"bookingid":1252},{"bookingid":6... (set the log level to DEBUG or TRACE to see the full content) 
 </msg>
<msg time="2026-03-08T02:13:48.049313" level="INFO">C:\Users\simon\AppData\Local\Programs\Python\Python313\Lib\site-packages\urllib3\connectionpool.py:1097: InsecureRequestWarning: Unverified HTTPS request is being made to host 'restful-booker.herokuapp.com'. Adding certificate verification is strongly advised. See: https://urllib3.readthedocs.io/en/latest/advanced-usage.html#tls-warnings
  warnings.warn(</msg>
<msg time="2026-03-08T02:13:48.050939" level="INFO">${response} = &lt;Response [200]&gt;</msg>
<var>${response}</var>
<arg>alias=${SESSION_NAME}</arg>
<arg>url=${endpoint}</arg>
<arg>expected_status=${expected_status}</arg>
<doc>Sends a GET request on a previously created HTTP Session.</doc>
<status status="PASS" start="2026-03-08T02:13:47.029904" elapsed="1.021236"/>
</kw>
<return>
<value>${response}</value>
<status status="PASS" start="2026-03-08T02:13:48.051513" elapsed="0.000223"/>
</return>
<msg time="2026-03-08T02:13:48.052407" level="INFO">${response} = &lt;Response [200]&gt;</msg>
<var>${response}</var>
<arg>200</arg>
<status status="PASS" start="2026-03-08T02:13:47.026876" elapsed="1.025649"/>
</kw>
<kw name="Evaluate" owner="BuiltIn">
<msg time="2026-03-08T02:13:48.058500" level="INFO">${bookingid} = 1054</msg>
<var>${bookingid}</var>
<arg>random.choice($response.json())['bookingid']</arg>
<arg>modules=random</arg>
<doc>Evaluates the given expression in Python and returns the result.</doc>
<status status="PASS" start="2026-03-08T02:13:48.053080" elapsed="0.005573"/>
</kw>
<return>
<value>${bookingid}</value>
<status status="PASS" start="2026-03-08T02:13:48.058897" elapsed="0.000194"/>
</return>
<msg time="2026-03-08T02:13:48.059648" level="INFO">${bookingid} = 1054</msg>
<var>${bookingid}</var>
<status status="PASS" start="2026-03-08T02:13:47.025281" elapsed="1.034455"/>
</kw>
<kw name="DELETE /booking/${bookingid}" owner="keywords" source_name="DELETE /${endpoint}/${id}">
<kw name="Get token" owner="keywords">
<kw name="POST /auth" owner="keywords" source_name="POST /${endpoint}">
<kw name="Load Json From File" owner="JSONLibrary">
<msg time="2026-03-08T02:13:48.077359" level="INFO">${payload} = {'username': 'admin', 'password': 'password123'}</msg>
<var>${payload}</var>
<arg>${PAYLOAD_DIR}${/}${filename}</arg>
<doc>Load JSON from file.</doc>
<status status="PASS" start="2026-03-08T02:13:48.070653" elapsed="0.007872"/>
</kw>
<kw name="POST On Session" owner="RequestsLibrary">
<msg time="2026-03-08T02:13:48.225216" level="INFO">POST Request : url=https://restful-booker.herokuapp.com/auth 
 path_url=/auth 
 headers={'User-Agent': 'python-requests/2.32.4', 'Accept-Encoding': 'gzip, deflate', 'Accept': '*/*', 'Connection': 'keep-alive', 'Content-Length': '48', 'Content-Type': 'application/json'} 
 body=b'{"username": "admin", "password": "password123"}' 
 </msg>
<msg time="2026-03-08T02:13:48.225528" level="INFO">POST Response : url=https://restful-booker.herokuapp.com/auth 
 status=200, reason=OK 
 headers={'Content-Length': '27', 'Content-Type': 'application/json; charset=utf-8', 'Date': 'Sun, 08 Mar 2026 05:13:48 GMT', 'Etag': 'W/"1b-/PhGOFolaYksFXh/PQsLIUavp48"', 'Nel': '{"report_to":"heroku-nel","response_headers":["Via"],"max_age":3600,"success_fraction":0.01,"failure_fraction":0.1}', 'Report-To': '{"group":"heroku-nel","endpoints":[{"url":"https://nel.heroku.com/reports?s=b9JpatcsDazvAl%2FVqrW%2BiDo7kR87xc5ebPj8ALzTqqU%3D\\u0026sid=c46efe9b-d3d2-4a0c-8c76-bfafa16c5add\\u0026ts=1772946828"}],"max_age":3600}', 'Reporting-Endpoints': 'heroku-nel="https://nel.heroku.com/reports?s=b9JpatcsDazvAl%2FVqrW%2BiDo7kR87xc5ebPj8ALzTqqU%3D&amp;sid=c46efe9b-d3d2-4a0c-8c76-bfafa16c5add&amp;ts=1772946828"', 'Server': 'Heroku', 'Via': '1.1 heroku-router', 'X-Powered-By': 'Express'} 
 body={"token":"b469b16ed24b5b9"} 
 </msg>
<msg time="2026-03-08T02:13:48.225802" level="INFO">C:\Users\simon\AppData\Local\Programs\Python\Python313\Lib\site-packages\urllib3\connectionpool.py:1097: InsecureRequestWarning: Unverified HTTPS request is being made to host 'restful-booker.herokuapp.com'. Adding certificate verification is strongly advised. See: https://urllib3.readthedocs.io/en/latest/advanced-usage.html#tls-warnings
  warnings.warn(</msg>
<msg time="2026-03-08T02:13:48.227207" level="INFO">${response} = &lt;Response [200]&gt;</msg>
<var>${response}</var>
<arg>alias=${SESSION_NAME}</arg>
<arg>url=${endpoint}</arg>
<arg>json=${payload}</arg>
<arg>expected_status=${expected_status}</arg>
<doc>Sends a POST request on a previously created HTTP Session.</doc>
<status status="PASS" start="2026-03-08T02:13:48.080741" elapsed="0.146662"/>
</kw>
<return>
<value>${response}</value>
<status status="PASS" start="2026-03-08T02:13:48.227680" elapsed="0.000158"/>
</return>
<msg time="2026-03-08T02:13:48.228386" level="INFO">${response} = &lt;Response [200]&gt;</msg>
<var>${response}</var>
<arg>PostAuthValid.json</arg>
<arg>200</arg>
<status status="PASS" start="2026-03-08T02:13:48.064412" elapsed="0.164073"/>
</kw>
<kw name="Set Variable" owner="BuiltIn">
<msg time="2026-03-08T02:13:48.235915" level="INFO">${token} = b469b16ed24b5b9</msg>
<var>${token}</var>
<arg>${response.json()['token']}</arg>
<doc>Returns the given values which can then be assigned to a variables.</doc>
<status status="PASS" start="2026-03-08T02:13:48.229002" elapsed="0.007249"/>
</kw>
<return>
<value>${token}</value>
<status status="PASS" start="2026-03-08T02:13:48.236518" elapsed="0.000157"/>
</return>
<msg time="2026-03-08T02:13:48.237230" level="INFO">${token} = b469b16ed24b5b9</msg>
<var>${token}</var>
<status status="PASS" start="2026-03-08T02:13:48.062847" elapsed="0.174478"/>
</kw>
<kw name="Create Dictionary" owner="BuiltIn">
<msg time="2026-03-08T02:13:48.240594" level="INFO">${headers} = {'Content-Type': 'application/json', 'Cookie': 'token=b469b16ed24b5b9'}</msg>
<var>${headers}</var>
<arg>Content-Type=application/json</arg>
<arg>Cookie=token=${token}</arg>
<doc>Creates and returns a dictionary based on the given ``items``.</doc>
<status status="PASS" start="2026-03-08T02:13:48.237863" elapsed="0.002882"/>
</kw>
<kw name="DELETE On Session" owner="RequestsLibrary">
<msg time="2026-03-08T02:13:48.384758" level="INFO">DELETE Request : url=https://restful-booker.herokuapp.com/booking/1054 
 path_url=/booking/1054 
 headers={'User-Agent': 'python-requests/2.32.4', 'Accept-Encoding': 'gzip, deflate', 'Accept': '*/*', 'Connection': 'keep-alive', 'Content-Type': 'application/json', 'Cookie': 'token=b469b16ed24b5b9', 'Content-Length': '0'} 
 body=None 
 </msg>
<msg time="2026-03-08T02:13:48.385052" level="INFO">DELETE Response : url=https://restful-booker.herokuapp.com/booking/1054 
 status=201, reason=Created 
 headers={'Content-Length': '7', 'Content-Type': 'text/plain; charset=utf-8', 'Date': 'Sun, 08 Mar 2026 05:13:48 GMT', 'Etag': 'W/"7-rM9AyJuqT6iOan/xHh+AW+7K/T8"', 'Nel': '{"report_to":"heroku-nel","response_headers":["Via"],"max_age":3600,"success_fraction":0.01,"failure_fraction":0.1}', 'Report-To': '{"group":"heroku-nel","endpoints":[{"url":"https://nel.heroku.com/reports?s=b9JpatcsDazvAl%2FVqrW%2BiDo7kR87xc5ebPj8ALzTqqU%3D\\u0026sid=c46efe9b-d3d2-4a0c-8c76-bfafa16c5add\\u0026ts=1772946828"}],"max_age":3600}', 'Reporting-Endpoints': 'heroku-nel="https://nel.heroku.com/reports?s=b9JpatcsDazvAl%2FVqrW%2BiDo7kR87xc5ebPj8ALzTqqU%3D&amp;sid=c46efe9b-d3d2-4a0c-8c76-bfafa16c5add&amp;ts=1772946828"', 'Server': 'Heroku', 'Via': '1.1 heroku-router', 'X-Powered-By': 'Express'} 
 body=Created 
 </msg>
<msg time="2026-03-08T02:13:48.385282" level="INFO">C:\Users\simon\AppData\Local\Programs\Python\Python313\Lib\site-packages\urllib3\connectionpool.py:1097: InsecureRequestWarning: Unverified HTTPS request is being made to host 'restful-booker.herokuapp.com'. Adding certificate verification is strongly advised. See: https://urllib3.readthedocs.io/en/latest/advanced-usage.html#tls-warnings
  warnings.warn(</msg>
<msg time="2026-03-08T02:13:48.387225" level="INFO">${response} = &lt;Response [201]&gt;</msg>
<var>${response}</var>
<arg>alias=${SESSION_NAME}</arg>
<arg>url=${endpoint}/${id}</arg>
<arg>headers=${headers}</arg>
<arg>expected_status=${expected_status}</arg>
<doc>Sends a DELETE request on a previously created HTTP Session.</doc>
<status status="PASS" start="2026-03-08T02:13:48.241331" elapsed="0.146074"/>
</kw>
<return>
<value>${response}</value>
<status status="PASS" start="2026-03-08T02:13:48.387940" elapsed="0.000177"/>
</return>
<msg time="2026-03-08T02:13:48.388682" level="INFO">${response} = &lt;Response [201]&gt;</msg>
<var>${response}</var>
<arg>201</arg>
<status status="PASS" start="2026-03-08T02:13:48.061161" elapsed="0.327622"/>
</kw>
<kw name="GET /booking/${bookingid}" owner="keywords" source_name="GET /${endpoint}/${id}">
<kw name="GET On Session" owner="RequestsLibrary">
<msg time="2026-03-08T02:13:48.533215" level="INFO">GET Request : url=https://restful-booker.herokuapp.com/booking/1054 
 path_url=/booking/1054 
 headers={'User-Agent': 'python-requests/2.32.4', 'Accept-Encoding': 'gzip, deflate', 'Accept': '*/*', 'Connection': 'keep-alive'} 
 body=None 
 </msg>
<msg time="2026-03-08T02:13:48.533508" level="INFO">GET Response : url=https://restful-booker.herokuapp.com/booking/1054 
 status=404, reason=Not Found 
 headers={'Content-Length': '9', 'Content-Type': 'text/plain; charset=utf-8', 'Date': 'Sun, 08 Mar 2026 05:13:48 GMT', 'Etag': 'W/"9-0gXL1ngzMqISxa6S1zx3F4wtLyg"', 'Nel': '{"report_to":"heroku-nel","response_headers":["Via"],"max_age":3600,"success_fraction":0.01,"failure_fraction":0.1}', 'Report-To': '{"group":"heroku-nel","endpoints":[{"url":"https://nel.heroku.com/reports?s=b9JpatcsDazvAl%2FVqrW%2BiDo7kR87xc5ebPj8ALzTqqU%3D\\u0026sid=c46efe9b-d3d2-4a0c-8c76-bfafa16c5add\\u0026ts=1772946828"}],"max_age":3600}', 'Reporting-Endpoints': 'heroku-nel="https://nel.heroku.com/reports?s=b9JpatcsDazvAl%2FVqrW%2BiDo7kR87xc5ebPj8ALzTqqU%3D&amp;sid=c46efe9b-d3d2-4a0c-8c76-bfafa16c5add&amp;ts=1772946828"', 'Server': 'Heroku', 'Via': '1.1 heroku-router', 'X-Powered-By': 'Express'} 
 body=Not Found 
 </msg>
<msg time="2026-03-08T02:13:48.533747" level="INFO">C:\Users\simon\AppData\Local\Programs\Python\Python313\Lib\site-packages\urllib3\connectionpool.py:1097: InsecureRequestWarning: Unverified HTTPS request is being made to host 'restful-booker.herokuapp.com'. Adding certificate verification is strongly advised. See: https://urllib3.readthedocs.io/en/latest/advanced-usage.html#tls-warnings
  warnings.warn(</msg>
<msg time="2026-03-08T02:13:48.535106" level="INFO">${response} = &lt;Response [404]&gt;</msg>
<var>${response}</var>
<arg>alias=${SESSION_NAME}</arg>
<arg>url=${endpoint}/${id}</arg>
<arg>expected_status=${expected_status}</arg>
<doc>Sends a GET request on a previously created HTTP Session.</doc>
<status status="PASS" start="2026-03-08T02:13:48.391918" elapsed="0.143382"/>
</kw>
<return>
<value>${response}</value>
<status status="PASS" start="2026-03-08T02:13:48.535561" elapsed="0.000158"/>
</return>
<arg>404</arg>
<status status="PASS" start="2026-03-08T02:13:48.390668" elapsed="0.145496"/>
</kw>
<kw name="GET /booking" owner="keywords" source_name="GET /${endpoint}">
<kw name="GET On Session" owner="RequestsLibrary">
<msg time="2026-03-08T02:13:48.687146" level="INFO">GET Request : url=https://restful-booker.herokuapp.com/booking 
 path_url=/booking 
 headers={'User-Agent': 'python-requests/2.32.4', 'Accept-Encoding': 'gzip, deflate', 'Accept': '*/*', 'Connection': 'keep-alive'} 
 body=None 
 </msg>
<msg time="2026-03-08T02:13:48.687602" level="INFO">GET Response : url=https://restful-booker.herokuapp.com/booking 
 status=200, reason=OK 
 headers={'Content-Length': '24616', 'Content-Type': 'application/json; charset=utf-8', 'Date': 'Sun, 08 Mar 2026 05:13:48 GMT', 'Etag': 'W/"6028-zWXFDy3KkW/lCOXM5IDHIOUAxBE"', 'Nel': '{"report_to":"heroku-nel","response_headers":["Via"],"max_age":3600,"success_fraction":0.01,"failure_fraction":0.1}', 'Report-To': '{"group":"heroku-nel","endpoints":[{"url":"https://nel.heroku.com/reports?s=b9JpatcsDazvAl%2FVqrW%2BiDo7kR87xc5ebPj8ALzTqqU%3D\\u0026sid=c46efe9b-d3d2-4a0c-8c76-bfafa16c5add\\u0026ts=1772946828"}],"max_age":3600}', 'Reporting-Endpoints': 'heroku-nel="https://nel.heroku.com/reports?s=b9JpatcsDazvAl%2FVqrW%2BiDo7kR87xc5ebPj8ALzTqqU%3D&amp;sid=c46efe9b-d3d2-4a0c-8c76-bfafa16c5add&amp;ts=1772946828"', 'Server': 'Heroku', 'Via': '1.1 heroku-router', 'X-Powered-By': 'Express'} 
 body=[{"bookingid":140},{"bookingid":412},{"bookingid":804},{"bookingid":967},{"bookingid":1752},{"bookingid":649},{"bookingid":1428},{"bookingid":1494},{"bookingid":1623},{"bookingid":1014},{"bookingid":97},{"bookingid":1307},{"bookingid":1566},{"bookingid":99},{"bookingid":1724},{"bookingid":531},{"bookingid":1613},{"bookingid":1725},{"bookingid":932},{"bookingid":1172},{"bookingid":309},{"bookingid":1186},{"bookingid":533},{"bookingid":128},{"bookingid":1092},{"bookingid":696},{"bookingid":473},{"bookingid":1686},{"bookingid":444},{"bookingid":430},{"bookingid":1505},{"bookingid":1826},{"bookingid":52},{"bookingid":1017},{"bookingid":277},{"bookingid":1039},{"bookingid":1503},{"bookingid":282},{"bookingid":366},{"bookingid":1557},{"bookingid":518},{"bookingid":1317},{"bookingid":1642},{"bookingid":1173},{"bookingid":1445},{"bookingid":492},{"bookingid":846},{"bookingid":1430},{"bookingid":1081},{"bookingid":1176},{"bookingid":1005},{"bookingid":1314},{"bookingid":1693},{"bookingid":999},{"bookingid":1302},{"bookingid":1082},{"bookingid":1654},{"bookingid":1661},{"bookingid":1767},{"bookingid":1625},{"bookingid":1606},{"bookingid":582},{"bookingid":1152},{"bookingid":301},{"bookingid":123},{"bookingid":1571},{"bookingid":1130},{"bookingid":986},{"bookingid":1075},{"bookingid":211},{"bookingid":407},{"bookingid":1490},{"bookingid":325},{"bookingid":1809},{"bookingid":851},{"bookingid":1477},{"bookingid":557},{"bookingid":368},{"bookingid":388},{"bookingid":159},{"bookingid":1196},{"bookingid":1485},{"bookingid":1264},{"bookingid":1357},{"bookingid":163},{"bookingid":1712},{"bookingid":965},{"bookingid":1138},{"bookingid":111},{"bookingid":1684},{"bookingid":39},{"bookingid":1353},{"bookingid":1744},{"bookingid":672},{"bookingid":11},{"bookingid":920},{"bookingid":776},{"bookingid":598},{"bookingid":626},{"bookingid":381},{"bookingid":1204},{"bookingid":1033},{"bookingid":954},{"bookingid":462},{"bookingid":92},{"bookingid":191},{"bookingid":1127},{"bookingid":1600},{"bookingid":12},{"bookingid":20},{"bookingid":1717},{"bookingid":266},{"bookingid":384},{"bookingid":1251},{"bookingid":300},{"bookingid":958},{"bookingid":96},{"bookingid":1722},{"bookingid":1334},{"bookingid":796},{"bookingid":888},{"bookingid":1263},{"bookingid":30},{"bookingid":1822},{"bookingid":603},{"bookingid":83},{"bookingid":1393},{"bookingid":1300},{"bookingid":973},{"bookingid":1065},{"bookingid":813},{"bookingid":1862},{"bookingid":564},{"bookingid":630},{"bookingid":1834},{"bookingid":1143},{"bookingid":913},{"bookingid":33},{"bookingid":452},{"bookingid":122},{"bookingid":1692},{"bookingid":1476},{"bookingid":1339},{"bookingid":1531},{"bookingid":708},{"bookingid":1837},{"bookingid":297},{"bookingid":176},{"bookingid":56},{"bookingid":132},{"bookingid":226},{"bookingid":1325},{"bookingid":1309},{"bookingid":81},{"bookingid":699},{"bookingid":48},{"bookingid":1694},{"bookingid":234},{"bookingid":130},{"bookingid":1612},{"bookingid":1399},{"bookingid":100},{"bookingid":1868},{"bookingid":383},{"bookingid":1472},{"bookingid":103},{"bookingid":591},{"bookingid":1576},{"bookingid":1745},{"bookingid":854},{"bookingid":803},{"bookingid":440},{"bookingid":1493},{"bookingid":414},{"bookingid":863},{"bookingid":1833},{"bookingid":1716},{"bookingid":1174},{"bookingid":110},{"bookingid":695},{"bookingid":752},{"bookingid":1164},{"bookingid":1824},{"bookingid":1371},{"bookingid":17},{"bookingid":1648},{"bookingid":405},{"bookingid":1676},{"bookingid":10},{"bookingid":1482},{"bookingid":1057},{"bookingid":247},{"bookingid":1159},{"bookingid":760},{"bookingid":835},{"bookingid":679},{"bookingid":845},{"bookingid":662},{"bookingid":1616},{"bookingid":1373},{"bookingid":1045},{"bookingid":198},{"bookingid":567},{"bookingid":280},{"bookingid":182},{"bookingid":621},{"bookingid":1614},{"bookingid":1432},{"bookingid":839},{"bookingid":1578},{"bookingid":1721},{"bookingid":1382},{"bookingid":479},{"bookingid":788},{"bookingid":154},{"bookingid":1329},{"bookingid":724},{"bookingid":1487},{"bookingid":684},{"bookingid":818},{"bookingid":76},{"bookingid":1369},{"bookingid":571},{"bookingid":255},{"bookingid":214},{"bookingid":606},{"bookingid":1214},{"bookingid":517},{"bookingid":1784},{"bookingid":1551},{"bookingid":1077},{"bookingid":1233},{"bookingid":914},{"bookingid":830},{"bookingid":1659},{"bookingid":1144},{"bookingid":525},{"bookingid":142},{"bookingid":644},{"bookingid":131},{"bookingid":1289},{"bookingid":1438},{"bookingid":1147},{"bookingid":1687},{"bookingid":1458},{"bookingid":1402},{"bookingid":1043},{"bookingid":590},{"bookingid":1312},{"bookingid":1384},{"bookingid":1102},{"bookingid":115},{"bookingid":645},{"bookingid":406},{"bookingid":80},{"bookingid":1574},{"bookingid":899},{"bookingid":561},{"bookingid":1182},{"bookingid":102},{"bookingid":1662},{"bookingid":94},{"bookingid":1009},{"bookingid":721},{"bookingid":700},{"bookingid":429},{"bookingid":1083},{"bookingid":737},{"bookingid":1012},{"bookingid":707},{"bookingid":1538},{"bookingid":104},{"bookingid":806},{"bookingid":997},{"bookingid":1262},{"bookingid":1621},{"bookingid":340},{"bookingid":216},{"bookingid":1091},{"bookingid":608},{"bookingid":1757},{"bookingid":1469},{"bookingid":219},{"bookingid":948},{"bookingid":1863},{"bookingid":47},{"bookingid":596},{"bookingid":1320},{"bookingid":147},{"bookingid":716},{"bookingid":46},{"bookingid":1044},{"bookingid":1790},{"bookingid":1199},{"bookingid":453},{"bookingid":1125},{"bookingid":1294},{"bookingid":8},{"bookingid":448},{"bookingid":808},{"bookingid":1701},{"bookingid":169},{"bookingid":978},{"bookingid":1609},{"bookingid":317},{"bookingid":879},{"bookingid":809},{"bookingid":1242},{"bookingid":57},{"bookingid":1379},{"bookingid":1198},{"bookingid":1000},{"bookingid":1394},{"bookingid":422},{"bookingid":857},{"bookingid":917},{"bookingid":1823},{"bookingid":1447},{"bookingid":1656},{"bookingid":1500},{"bookingid":201},{"bookingid":955},{"bookingid":1076},{"bookingid":1636},{"bookingid":60},{"bookingid":351},{"bookingid":1025},{"bookingid":976},{"bookingid":1533},{"bookingid":193},{"bookingid":1422},{"bookingid":350},{"bookingid":540},{"bookingid":1168},{"bookingid":1816},{"bookingid":1497},{"bookingid":252},{"bookingid":402},{"bookingid":1657},{"bookingid":1518},{"bookingid":1429},{"bookingid":50},{"bookingid":1303},{"bookingid":1341},{"bookingid":820},{"bookingid":1290},{"bookingid":1161},{"bookingid":1596},{"bookingid":186},{"bookingid":265},{"bookingid":1304},{"bookingid":133},{"bookingid":1211},{"bookingid":1805},{"bookingid":378},{"bookingid":1107},{"bookingid":43},{"bookingid":1559},{"bookingid":1131},{"bookingid":31},{"bookingid":1271},{"bookingid":367},{"bookingid":713},{"bookingid":574},{"bookingid":1120},{"bookingid":775},{"bookingid":202},{"bookingid":9},{"bookingid":339},{"bookingid":441},{"bookingid":311},{"bookingid":137},{"bookingid":743},{"bookingid":784},{"bookingid":719},{"bookingid":172},{"bookingid":826},{"bookingid":1611},{"bookingid":315},{"bookingid":349},{"bookingid":1259},{"bookingid":116},{"bookingid":75},{"bookingid":615},{"bookingid":447},{"bookingid":988},{"bookingid":1735},{"bookingid":1441},{"bookingid":40},{"bookingid":1668},{"bookingid":827},{"bookingid":382},{"bookingid":164},{"bookingid":624},{"bookingid":1707},{"bookingid":1640},{"bookingid":870},{"bookingid":1275},{"bookingid":1037},{"bookingid":1540},{"bookingid":1377},{"bookingid":415},{"bookingid":136},{"bookingid":1749},{"bookingid":687},{"bookingid":1681},{"bookingid":1235},{"bookingid":360},{"bookingid":758},{"bookingid":410},{"bookingid":532},{"bookingid":907},{"bookingid":220},{"bookingid":107},{"bookingid":1550},{"bookingid":227},{"bookingid":702},{"bookingid":761},{"bookingid":952},{"bookingid":467},{"bookingid":1548},{"bookingid":1703},{"bookingid":1022},{"bookingid":41},{"bookingid":454},{"bookingid":264},{"bookingid":260},{"bookingid":1595},{"bookingid":1041},{"bookingid":53},{"bookingid":1425},{"bookingid":602},{"bookingid":992},{"bookingid":1706},{"bookingid":1},{"bookingid":1195},{"bookingid":1626},{"bookingid":1070},{"bookingid":1268},{"bookingid":1535},{"bookingid":323},{"bookingid":1351},{"bookingid":1451},{"bookingid":1328},{"bookingid":387},{"bookingid":1761},{"bookingid":1026},{"bookingid":466},{"bookingid":941},{"bookingid":16},{"bookingid":1782},{"bookingid":1845},{"bookingid":369},{"bookingid":1002},{"bookingid":121},{"bookingid":1658},{"bookingid":1732},{"bookingid":291},{"bookingid":610},{"bookingid":194},{"bookingid":1221},{"bookingid":1488},{"bookingid":516},{"bookingid":361},{"bookingid":866},{"bookingid":869},{"bookingid":206},{"bookingid":267},{"bookingid":1635},{"bookingid":1222},{"bookingid":319},{"bookingid":324},{"bookingid":1282},{"bookingid":1265},{"bookingid":824},{"bookingid":1228},{"bookingid":1630},{"bookingid":1461},{"bookingid":650},{"bookingid":836},{"bookingid":1663},{"bookingid":290},{"bookingid":966},{"bookingid":149},{"bookingid":825},{"bookingid":1499},{"bookingid":718},{"bookingid":364},{"bookingid":944},{"bookingid":1220},{"bookingid":1412},{"bookingid":158},{"bookingid":1255},{"bookingid":781},{"bookingid":1155},{"bookingid":1637},{"bookingid":1171},{"bookingid":331},{"bookingid":1840},{"bookingid":270},{"bookingid":876},{"bookingid":1080},{"bookingid":1644},{"bookingid":1587},{"bookingid":1804},{"bookingid":1209},{"bookingid":230},{"bookingid":400},{"bookingid":143},{"bookingid":4},{"bookingid":622},{"bookingid":798},{"bookingid":1375},{"bookingid":481},{"bookingid":284},{"bookingid":451},{"bookingid":118},{"bookingid":853},{"bookingid":1516},{"bookingid":1071},{"bookingid":1424},{"bookingid":1666},{"bookingid":1292},{"bookingid":1049},{"bookingid":727},{"bookingid":1579},{"bookingid":167},{"bookingid":1653},{"bookingid":273},{"bookingid":576},{"bookingid":998},{"bookingid":1856},{"bookingid":849},{"bookingid":1459},{"bookingid":1105},{"bookingid":1789},{"bookingid":1602},{"bookingid":1227},{"bookingid":1027},{"bookingid":28},{"bookingid":789},{"bookingid":295},{"bookingid":767},{"bookingid":... (set the log level to DEBUG or TRACE to see the full content) 
 </msg>
<msg time="2026-03-08T02:13:48.688462" level="INFO">C:\Users\simon\AppData\Local\Programs\Python\Python313\Lib\site-packages\urllib3\connectionpool.py:1097: InsecureRequestWarning: Unverified HTTPS request is being made to host 'restful-booker.herokuapp.com'. Adding certificate verification is strongly advised. See: https://urllib3.readthedocs.io/en/latest/advanced-usage.html#tls-warnings
  warnings.warn(</msg>
<msg time="2026-03-08T02:13:48.690834" level="INFO">${response} = &lt;Response [200]&gt;</msg>
<var>${response}</var>
<arg>alias=${SESSION_NAME}</arg>
<arg>url=${endpoint}</arg>
<arg>expected_status=${expected_status}</arg>
<doc>Sends a GET request on a previously created HTTP Session.</doc>
<status status="PASS" start="2026-03-08T02:13:48.538448" elapsed="0.153049"/>
</kw>
<return>
<value>${response}</value>
<status status="PASS" start="2026-03-08T02:13:48.693282" elapsed="0.000763"/>
</return>
<msg time="2026-03-08T02:13:48.697213" level="INFO">${response} = &lt;Response [200]&gt;</msg>
<var>${response}</var>
<arg>200</arg>
<status status="PASS" start="2026-03-08T02:13:48.537331" elapsed="0.160468"/>
</kw>
<kw name="Should Not Have Value In Json" owner="JSONLibrary">
<arg>${response.json()}</arg>
<arg>$[?(@.bookingid == ${bookingid})].bookingid</arg>
<doc>Should Not Have Value In JSON using JSONPath</doc>
<status status="PASS" start="2026-03-08T02:13:48.700779" elapsed="0.159707"/>
</kw>
<tag>DELETAR</tag>
<status status="PASS" start="2026-03-08T02:13:47.022952" elapsed="1.839904"/>
</test>
<status status="PASS" start="2026-03-08T02:13:44.328217" elapsed="4.539326"/>
</suite>
<status status="PASS" start="2026-03-08T02:13:43.787747" elapsed="5.084567"/>
</suite>
<statistics>
<total>
<stat pass="1" fail="0" skip="0">All Tests</stat>
</total>
<tag>
<stat pass="1" fail="0" skip="0">DELETAR</stat>
</tag>
<suite>
<stat name="Tests" id="s1" pass="1" fail="0" skip="0">Tests</stat>
<stat name="Booking" id="s1-s1" pass="1" fail="0" skip="0">Tests.Booking</stat>
</suite>
</statistics>
<errors>
</errors>
</robot>
